mode: set
github.com/bmf-san/gogocoin/v1/cmd/gogocoin/main.go:15.13,19.16 3 0
github.com/bmf-san/gogocoin/v1/cmd/gogocoin/main.go:19.16,21.3 1 0
github.com/bmf-san/gogocoin/v1/cmd/gogocoin/main.go:24.2,35.16 3 0
github.com/bmf-san/gogocoin/v1/cmd/gogocoin/main.go:35.16,37.3 1 0
github.com/bmf-san/gogocoin/v1/cmd/gogocoin/main.go:38.2,38.15 1 0
github.com/bmf-san/gogocoin/v1/cmd/gogocoin/main.go:38.15,39.43 1 0
github.com/bmf-san/gogocoin/v1/cmd/gogocoin/main.go:39.43,41.4 1 0
github.com/bmf-san/gogocoin/v1/cmd/gogocoin/main.go:45.2,46.16 2 0
github.com/bmf-san/gogocoin/v1/cmd/gogocoin/main.go:46.16,52.3 3 0
github.com/bmf-san/gogocoin/v1/cmd/gogocoin/main.go:53.2,53.15 1 0
github.com/bmf-san/gogocoin/v1/cmd/gogocoin/main.go:53.15,54.45 1 0
github.com/bmf-san/gogocoin/v1/cmd/gogocoin/main.go:54.45,56.4 1 0
github.com/bmf-san/gogocoin/v1/cmd/gogocoin/main.go:60.2,77.12 7 0
github.com/bmf-san/gogocoin/v1/cmd/gogocoin/main.go:77.12,78.46 1 0
github.com/bmf-san/gogocoin/v1/cmd/gogocoin/main.go:78.46,82.4 3 0
github.com/bmf-san/gogocoin/v1/cmd/gogocoin/main.go:86.2,94.43 5 0
github.com/bmf-san/gogocoin/v1/cmd/gogocoin/main.go:94.43,97.3 2 0
github.com/bmf-san/gogocoin/v1/cmd/gogocoin/main.go:99.2,99.60 1 0
github.com/bmf-san/gogocoin/v1/internal/analytics/performance.go:47.25,54.2 1 1
github.com/bmf-san/gogocoin/v1/internal/analytics/performance.go:57.74,58.22 1 1
github.com/bmf-san/gogocoin/v1/internal/analytics/performance.go:58.22,60.3 1 0
github.com/bmf-san/gogocoin/v1/internal/analytics/performance.go:63.2,64.16 2 1
github.com/bmf-san/gogocoin/v1/internal/analytics/performance.go:64.16,65.23 1 0
github.com/bmf-san/gogocoin/v1/internal/analytics/performance.go:65.23,67.4 1 0
github.com/bmf-san/gogocoin/v1/internal/analytics/performance.go:68.3,68.88 1 0
github.com/bmf-san/gogocoin/v1/internal/analytics/performance.go:71.2,71.22 1 1
github.com/bmf-san/gogocoin/v1/internal/analytics/performance.go:71.22,72.23 1 1
github.com/bmf-san/gogocoin/v1/internal/analytics/performance.go:72.23,74.4 1 0
github.com/bmf-san/gogocoin/v1/internal/analytics/performance.go:75.3,75.13 1 1
github.com/bmf-san/gogocoin/v1/internal/analytics/performance.go:79.2,82.73 2 1
github.com/bmf-san/gogocoin/v1/internal/analytics/performance.go:82.73,83.23 1 0
github.com/bmf-san/gogocoin/v1/internal/analytics/performance.go:83.23,85.4 1 0
github.com/bmf-san/gogocoin/v1/internal/analytics/performance.go:86.3,86.67 1 0
github.com/bmf-san/gogocoin/v1/internal/analytics/performance.go:89.2,89.22 1 1
github.com/bmf-san/gogocoin/v1/internal/analytics/performance.go:89.22,94.3 1 0
github.com/bmf-san/gogocoin/v1/internal/analytics/performance.go:96.2,96.12 1 1
github.com/bmf-san/gogocoin/v1/internal/analytics/performance.go:100.101,101.22 1 1
github.com/bmf-san/gogocoin/v1/internal/analytics/performance.go:101.22,103.3 1 1
github.com/bmf-san/gogocoin/v1/internal/analytics/performance.go:105.2,113.24 7 1
github.com/bmf-san/gogocoin/v1/internal/analytics/performance.go:113.24,120.15 3 1
github.com/bmf-san/gogocoin/v1/internal/analytics/performance.go:120.15,121.22 1 1
github.com/bmf-san/gogocoin/v1/internal/analytics/performance.go:122.15,124.21 1 1
github.com/bmf-san/gogocoin/v1/internal/analytics/performance.go:125.16,127.21 1 0
github.com/bmf-san/gogocoin/v1/internal/analytics/performance.go:131.3,134.17 2 1
github.com/bmf-san/gogocoin/v1/internal/analytics/performance.go:134.17,137.20 3 1
github.com/bmf-san/gogocoin/v1/internal/analytics/performance.go:137.20,139.5 1 1
github.com/bmf-san/gogocoin/v1/internal/analytics/performance.go:140.9,140.25 1 1
github.com/bmf-san/gogocoin/v1/internal/analytics/performance.go:140.25,143.22 3 1
github.com/bmf-san/gogocoin/v1/internal/analytics/performance.go:143.22,145.5 1 1
github.com/bmf-san/gogocoin/v1/internal/analytics/performance.go:150.3,151.40 2 1
github.com/bmf-san/gogocoin/v1/internal/analytics/performance.go:154.2,160.23 5 1
github.com/bmf-san/gogocoin/v1/internal/analytics/performance.go:160.23,162.3 1 1
github.com/bmf-san/gogocoin/v1/internal/analytics/performance.go:165.2,166.23 2 1
github.com/bmf-san/gogocoin/v1/internal/analytics/performance.go:166.23,168.3 1 1
github.com/bmf-san/gogocoin/v1/internal/analytics/performance.go:169.2,169.22 1 1
github.com/bmf-san/gogocoin/v1/internal/analytics/performance.go:169.22,171.3 1 1
github.com/bmf-san/gogocoin/v1/internal/analytics/performance.go:174.2,175.19 2 1
github.com/bmf-san/gogocoin/v1/internal/analytics/performance.go:175.19,177.3 1 1
github.com/bmf-san/gogocoin/v1/internal/analytics/performance.go:180.2,200.3 3 1
github.com/bmf-san/gogocoin/v1/internal/analytics/performance.go:204.102,205.23 1 1
github.com/bmf-san/gogocoin/v1/internal/analytics/performance.go:205.23,207.3 1 1
github.com/bmf-san/gogocoin/v1/internal/analytics/performance.go:209.2,211.28 3 1
github.com/bmf-san/gogocoin/v1/internal/analytics/performance.go:211.28,213.3 1 1
github.com/bmf-san/gogocoin/v1/internal/analytics/performance.go:214.2,217.16 3 1
github.com/bmf-san/gogocoin/v1/internal/analytics/performance.go:217.16,219.3 1 1
github.com/bmf-san/gogocoin/v1/internal/analytics/performance.go:220.2,220.10 1 0
github.com/bmf-san/gogocoin/v1/internal/analytics/performance.go:224.85,229.24 4 1
github.com/bmf-san/gogocoin/v1/internal/analytics/performance.go:229.24,231.36 2 1
github.com/bmf-san/gogocoin/v1/internal/analytics/performance.go:231.36,233.4 1 1
github.com/bmf-san/gogocoin/v1/internal/analytics/performance.go:234.3,235.24 2 1
github.com/bmf-san/gogocoin/v1/internal/analytics/performance.go:235.24,237.4 1 1
github.com/bmf-san/gogocoin/v1/internal/analytics/performance.go:238.3,239.29 2 1
github.com/bmf-san/gogocoin/v1/internal/analytics/performance.go:239.29,241.4 1 1
github.com/bmf-san/gogocoin/v1/internal/analytics/performance.go:244.2,244.20 1 1
github.com/bmf-san/gogocoin/v1/internal/api/server.go:75.42,81.2 1 1
github.com/bmf-san/gogocoin/v1/internal/api/server.go:97.87,99.2 1 1
github.com/bmf-san/gogocoin/v1/internal/api/server.go:102.122,105.15 2 1
github.com/bmf-san/gogocoin/v1/internal/api/server.go:105.15,107.3 1 1
github.com/bmf-san/gogocoin/v1/internal/api/server.go:110.2,111.16 2 1
github.com/bmf-san/gogocoin/v1/internal/api/server.go:111.16,113.3 1 1
github.com/bmf-san/gogocoin/v1/internal/api/server.go:115.2,124.3 1 1
github.com/bmf-san/gogocoin/v1/internal/api/server.go:128.57,130.2 1 1
github.com/bmf-san/gogocoin/v1/internal/api/server.go:133.32,153.67 14 0
github.com/bmf-san/gogocoin/v1/internal/api/server.go:153.67,155.45 1 0
github.com/bmf-san/gogocoin/v1/internal/api/server.go:155.45,158.4 2 0
github.com/bmf-san/gogocoin/v1/internal/api/server.go:160.3,160.68 1 0
github.com/bmf-san/gogocoin/v1/internal/api/server.go:163.2,174.38 3 0
github.com/bmf-san/gogocoin/v1/internal/api/server.go:178.54,179.25 1 0
github.com/bmf-san/gogocoin/v1/internal/api/server.go:179.25,181.3 1 0
github.com/bmf-san/gogocoin/v1/internal/api/server.go:183.2,186.51 2 0
github.com/bmf-san/gogocoin/v1/internal/api/server.go:186.51,189.3 2 0
github.com/bmf-san/gogocoin/v1/internal/api/server.go:191.2,192.12 2 0
github.com/bmf-san/gogocoin/v1/internal/api/server.go:232.71,233.32 1 0
github.com/bmf-san/gogocoin/v1/internal/api/server.go:233.32,236.3 2 0
github.com/bmf-san/gogocoin/v1/internal/api/server.go:238.2,247.58 4 0
github.com/bmf-san/gogocoin/v1/internal/api/server.go:247.58,249.3 1 0
github.com/bmf-san/gogocoin/v1/internal/api/server.go:253.71,254.32 1 1
github.com/bmf-san/gogocoin/v1/internal/api/server.go:254.32,257.3 2 1
github.com/bmf-san/gogocoin/v1/internal/api/server.go:260.2,269.31 5 1
github.com/bmf-san/gogocoin/v1/internal/api/server.go:269.31,271.3 1 0
github.com/bmf-san/gogocoin/v1/internal/api/server.go:271.8,273.3 1 1
github.com/bmf-san/gogocoin/v1/internal/api/server.go:276.2,280.16 3 1
github.com/bmf-san/gogocoin/v1/internal/api/server.go:280.16,283.3 2 0
github.com/bmf-san/gogocoin/v1/internal/api/server.go:285.2,286.16 2 1
github.com/bmf-san/gogocoin/v1/internal/api/server.go:286.16,289.3 2 0
github.com/bmf-san/gogocoin/v1/internal/api/server.go:291.2,292.18 2 1
github.com/bmf-san/gogocoin/v1/internal/api/server.go:292.18,294.3 1 1
github.com/bmf-san/gogocoin/v1/internal/api/server.go:296.2,311.16 4 1
github.com/bmf-san/gogocoin/v1/internal/api/server.go:311.16,312.46 1 1
github.com/bmf-san/gogocoin/v1/internal/api/server.go:312.46,314.4 1 0
github.com/bmf-san/gogocoin/v1/internal/api/server.go:316.2,316.31 1 1
github.com/bmf-san/gogocoin/v1/internal/api/server.go:316.31,318.3 1 0
github.com/bmf-san/gogocoin/v1/internal/api/server.go:321.2,322.25 2 1
github.com/bmf-san/gogocoin/v1/internal/api/server.go:322.25,323.40 1 1
github.com/bmf-san/gogocoin/v1/internal/api/server.go:323.40,325.4 1 0
github.com/bmf-san/gogocoin/v1/internal/api/server.go:325.9,327.4 1 1
github.com/bmf-san/gogocoin/v1/internal/api/server.go:331.2,331.54 1 1
github.com/bmf-san/gogocoin/v1/internal/api/server.go:331.54,333.3 1 0
github.com/bmf-san/gogocoin/v1/internal/api/server.go:337.2,339.24 2 1
github.com/bmf-san/gogocoin/v1/internal/api/server.go:351.72,352.32 1 1
github.com/bmf-san/gogocoin/v1/internal/api/server.go:352.32,355.3 2 0
github.com/bmf-san/gogocoin/v1/internal/api/server.go:358.2,358.18 1 1
github.com/bmf-san/gogocoin/v1/internal/api/server.go:358.18,360.17 2 1
github.com/bmf-san/gogocoin/v1/internal/api/server.go:360.17,365.47 3 0
github.com/bmf-san/gogocoin/v1/internal/api/server.go:365.47,366.30 1 0
github.com/bmf-san/gogocoin/v1/internal/api/server.go:366.30,368.6 1 0
github.com/bmf-san/gogocoin/v1/internal/api/server.go:368.11,370.6 1 0
github.com/bmf-san/gogocoin/v1/internal/api/server.go:371.5,373.11 3 0
github.com/bmf-san/gogocoin/v1/internal/api/server.go:377.4,378.10 2 0
github.com/bmf-san/gogocoin/v1/internal/api/server.go:380.3,380.24 1 1
github.com/bmf-san/gogocoin/v1/internal/api/server.go:380.24,383.37 2 1
github.com/bmf-san/gogocoin/v1/internal/api/server.go:383.37,390.5 1 1
github.com/bmf-san/gogocoin/v1/internal/api/server.go:392.4,394.10 3 1
github.com/bmf-san/gogocoin/v1/internal/api/server.go:397.3,398.9 2 0
github.com/bmf-san/gogocoin/v1/internal/api/server.go:402.2,403.16 2 0
github.com/bmf-san/gogocoin/v1/internal/api/server.go:403.16,407.3 3 0
github.com/bmf-san/gogocoin/v1/internal/api/server.go:410.2,410.24 1 0
github.com/bmf-san/gogocoin/v1/internal/api/server.go:410.24,412.3 1 0
github.com/bmf-san/gogocoin/v1/internal/api/server.go:415.2,417.26 2 0
github.com/bmf-san/gogocoin/v1/internal/api/server.go:434.71,435.32 1 1
github.com/bmf-san/gogocoin/v1/internal/api/server.go:435.32,438.3 2 0
github.com/bmf-san/gogocoin/v1/internal/api/server.go:441.2,442.16 2 1
github.com/bmf-san/gogocoin/v1/internal/api/server.go:442.16,445.3 2 0
github.com/bmf-san/gogocoin/v1/internal/api/server.go:447.2,448.16 2 1
github.com/bmf-san/gogocoin/v1/internal/api/server.go:448.16,452.3 3 0
github.com/bmf-san/gogocoin/v1/internal/api/server.go:454.2,457.24 2 1
github.com/bmf-san/gogocoin/v1/internal/api/server.go:473.76,474.32 1 1
github.com/bmf-san/gogocoin/v1/internal/api/server.go:474.32,477.3 2 0
github.com/bmf-san/gogocoin/v1/internal/api/server.go:479.2,480.16 2 1
github.com/bmf-san/gogocoin/v1/internal/api/server.go:480.16,484.3 3 0
github.com/bmf-san/gogocoin/v1/internal/api/server.go:486.2,489.29 2 1
github.com/bmf-san/gogocoin/v1/internal/api/server.go:504.71,505.18 1 1
github.com/bmf-san/gogocoin/v1/internal/api/server.go:506.22,509.27 2 1
github.com/bmf-san/gogocoin/v1/internal/api/server.go:510.23,511.29 1 1
github.com/bmf-san/gogocoin/v1/internal/api/server.go:512.10,513.67 1 0
github.com/bmf-san/gogocoin/v1/internal/api/server.go:518.77,525.45 5 1
github.com/bmf-san/gogocoin/v1/internal/api/server.go:525.45,528.3 2 0
github.com/bmf-san/gogocoin/v1/internal/api/server.go:531.2,531.29 1 1
github.com/bmf-san/gogocoin/v1/internal/api/server.go:531.29,533.83 2 1
github.com/bmf-san/gogocoin/v1/internal/api/server.go:533.83,536.4 2 0
github.com/bmf-san/gogocoin/v1/internal/api/server.go:540.2,540.54 1 1
github.com/bmf-san/gogocoin/v1/internal/api/server.go:540.54,543.3 2 0
github.com/bmf-san/gogocoin/v1/internal/api/server.go:544.2,544.58 1 1
github.com/bmf-san/gogocoin/v1/internal/api/server.go:544.58,547.3 2 0
github.com/bmf-san/gogocoin/v1/internal/api/server.go:549.2,553.29 2 1
github.com/bmf-san/gogocoin/v1/internal/api/server.go:553.29,555.3 1 1
github.com/bmf-san/gogocoin/v1/internal/api/server.go:559.2,559.45 1 1
github.com/bmf-san/gogocoin/v1/internal/api/server.go:559.45,563.3 3 0
github.com/bmf-san/gogocoin/v1/internal/api/server.go:565.2,570.16 4 1
github.com/bmf-san/gogocoin/v1/internal/api/server.go:570.16,573.3 1 1
github.com/bmf-san/gogocoin/v1/internal/api/server.go:573.8,576.3 2 0
github.com/bmf-san/gogocoin/v1/internal/api/server.go:579.2,585.26 2 1
github.com/bmf-san/gogocoin/v1/internal/api/server.go:589.43,606.16 7 1
github.com/bmf-san/gogocoin/v1/internal/api/server.go:606.16,608.3 1 0
github.com/bmf-san/gogocoin/v1/internal/api/server.go:611.2,612.53 2 1
github.com/bmf-san/gogocoin/v1/internal/api/server.go:612.53,614.3 1 0
github.com/bmf-san/gogocoin/v1/internal/api/server.go:618.2,618.61 1 1
github.com/bmf-san/gogocoin/v1/internal/api/server.go:618.61,620.3 1 0
github.com/bmf-san/gogocoin/v1/internal/api/server.go:622.2,622.12 1 1
github.com/bmf-san/gogocoin/v1/internal/api/server.go:634.69,635.32 1 1
github.com/bmf-san/gogocoin/v1/internal/api/server.go:635.32,638.3 2 0
github.com/bmf-san/gogocoin/v1/internal/api/server.go:641.2,642.16 2 1
github.com/bmf-san/gogocoin/v1/internal/api/server.go:642.16,645.3 2 0
github.com/bmf-san/gogocoin/v1/internal/api/server.go:648.2,650.72 3 1
github.com/bmf-san/gogocoin/v1/internal/api/server.go:650.72,653.3 2 0
github.com/bmf-san/gogocoin/v1/internal/api/server.go:656.2,658.79 3 1
github.com/bmf-san/gogocoin/v1/internal/api/server.go:658.79,661.3 2 0
github.com/bmf-san/gogocoin/v1/internal/api/server.go:663.2,664.16 2 1
github.com/bmf-san/gogocoin/v1/internal/api/server.go:664.16,668.3 3 0
github.com/bmf-san/gogocoin/v1/internal/api/server.go:670.2,670.22 1 1
github.com/bmf-san/gogocoin/v1/internal/api/server.go:674.43,681.9 5 1
github.com/bmf-san/gogocoin/v1/internal/api/server.go:682.16,683.58 1 0
github.com/bmf-san/gogocoin/v1/internal/api/server.go:684.17,685.48 1 0
github.com/bmf-san/gogocoin/v1/internal/api/server.go:686.10,687.37 1 1
github.com/bmf-san/gogocoin/v1/internal/api/server.go:705.71,706.32 1 1
github.com/bmf-san/gogocoin/v1/internal/api/server.go:706.32,709.3 2 0
github.com/bmf-san/gogocoin/v1/internal/api/server.go:712.2,713.16 2 1
github.com/bmf-san/gogocoin/v1/internal/api/server.go:713.16,716.3 2 0
github.com/bmf-san/gogocoin/v1/internal/api/server.go:719.2,720.16 2 1
github.com/bmf-san/gogocoin/v1/internal/api/server.go:720.16,724.3 3 0
github.com/bmf-san/gogocoin/v1/internal/api/server.go:728.2,729.24 2 1
github.com/bmf-san/gogocoin/v1/internal/api/server.go:729.24,731.26 2 1
github.com/bmf-san/gogocoin/v1/internal/api/server.go:731.26,743.4 1 1
github.com/bmf-san/gogocoin/v1/internal/api/server.go:746.2,748.24 2 1
github.com/bmf-san/gogocoin/v1/internal/api/server.go:752.58,763.43 2 1
github.com/bmf-san/gogocoin/v1/internal/api/server.go:763.43,768.25 3 0
github.com/bmf-san/gogocoin/v1/internal/api/server.go:768.25,770.4 1 0
github.com/bmf-san/gogocoin/v1/internal/api/server.go:772.3,772.14 1 0
github.com/bmf-san/gogocoin/v1/internal/api/server.go:772.14,774.4 1 0
github.com/bmf-san/gogocoin/v1/internal/api/server.go:776.3,776.14 1 0
github.com/bmf-san/gogocoin/v1/internal/api/server.go:776.14,778.4 1 0
github.com/bmf-san/gogocoin/v1/internal/api/server.go:780.3,780.53 1 0
github.com/bmf-san/gogocoin/v1/internal/api/server.go:785.60,810.2 2 0
github.com/bmf-san/gogocoin/v1/internal/api/server.go:813.53,815.2 1 1
github.com/bmf-san/gogocoin/v1/internal/api/server.go:818.54,820.2 1 1
github.com/bmf-san/gogocoin/v1/internal/api/server.go:823.78,824.33 1 1
github.com/bmf-san/gogocoin/v1/internal/api/server.go:824.33,827.3 2 1
github.com/bmf-san/gogocoin/v1/internal/api/server.go:829.2,832.55 2 1
github.com/bmf-san/gogocoin/v1/internal/api/server.go:832.55,835.3 2 1
github.com/bmf-san/gogocoin/v1/internal/api/server.go:837.2,838.41 2 1
github.com/bmf-san/gogocoin/v1/internal/api/server.go:838.41,842.3 3 0
github.com/bmf-san/gogocoin/v1/internal/api/server.go:844.2,848.4 2 1
github.com/bmf-san/gogocoin/v1/internal/api/server.go:852.77,853.33 1 0
github.com/bmf-san/gogocoin/v1/internal/api/server.go:853.33,856.3 2 0
github.com/bmf-san/gogocoin/v1/internal/api/server.go:858.2,860.18 2 0
github.com/bmf-san/gogocoin/v1/internal/api/server.go:860.18,863.3 2 0
github.com/bmf-san/gogocoin/v1/internal/api/server.go:865.2,865.54 1 0
github.com/bmf-san/gogocoin/v1/internal/api/server.go:865.54,875.3 4 0
github.com/bmf-san/gogocoin/v1/internal/api/server.go:877.2,883.4 2 0
github.com/bmf-san/gogocoin/v1/internal/api/server.go:887.76,888.33 1 0
github.com/bmf-san/gogocoin/v1/internal/api/server.go:888.33,891.3 2 0
github.com/bmf-san/gogocoin/v1/internal/api/server.go:893.2,895.18 2 0
github.com/bmf-san/gogocoin/v1/internal/api/server.go:895.18,898.3 2 0
github.com/bmf-san/gogocoin/v1/internal/api/server.go:900.2,900.55 1 0
github.com/bmf-san/gogocoin/v1/internal/api/server.go:900.55,910.3 4 0
github.com/bmf-san/gogocoin/v1/internal/api/server.go:912.2,918.4 2 0
github.com/bmf-san/gogocoin/v1/internal/api/server.go:922.78,923.32 1 0
github.com/bmf-san/gogocoin/v1/internal/api/server.go:923.32,926.3 2 0
github.com/bmf-san/gogocoin/v1/internal/api/server.go:928.2,928.18 1 0
github.com/bmf-san/gogocoin/v1/internal/api/server.go:928.18,931.3 2 0
github.com/bmf-san/gogocoin/v1/internal/api/server.go:933.2,937.13 4 0
github.com/bmf-san/gogocoin/v1/internal/api/server.go:937.13,940.3 2 0
github.com/bmf-san/gogocoin/v1/internal/api/server.go:942.2,947.4 1 0
github.com/bmf-san/gogocoin/v1/internal/api/server.go:951.39,952.16 1 0
github.com/bmf-san/gogocoin/v1/internal/api/server.go:952.16,954.3 1 0
github.com/bmf-san/gogocoin/v1/internal/api/server.go:957.2,957.49 1 0
github.com/bmf-san/gogocoin/v1/internal/api/server.go:957.49,959.3 1 0
github.com/bmf-san/gogocoin/v1/internal/api/server.go:962.2,963.77 2 0
github.com/bmf-san/gogocoin/v1/internal/api/server.go:963.77,965.3 1 0
github.com/bmf-san/gogocoin/v1/internal/api/server.go:968.2,968.54 1 0
github.com/bmf-san/gogocoin/v1/internal/api/server.go:968.54,970.3 1 0
github.com/bmf-san/gogocoin/v1/internal/api/server.go:973.2,973.36 1 0
github.com/bmf-san/gogocoin/v1/internal/api/server.go:973.36,975.3 1 0
github.com/bmf-san/gogocoin/v1/internal/api/server.go:978.2,979.82 2 0
github.com/bmf-san/gogocoin/v1/internal/api/server.go:983.69,985.56 2 1
github.com/bmf-san/gogocoin/v1/internal/api/server.go:985.56,988.3 2 0
github.com/bmf-san/gogocoin/v1/internal/api/server.go:992.79,993.20 1 1
github.com/bmf-san/gogocoin/v1/internal/api/server.go:993.20,995.3 1 1
github.com/bmf-san/gogocoin/v1/internal/api/server.go:997.2,998.16 2 1
github.com/bmf-san/gogocoin/v1/internal/api/server.go:998.16,1000.3 1 0
github.com/bmf-san/gogocoin/v1/internal/api/server.go:1002.2,1002.15 1 1
github.com/bmf-san/gogocoin/v1/internal/api/server.go:1002.15,1004.3 1 0
github.com/bmf-san/gogocoin/v1/internal/api/server.go:1006.2,1006.15 1 1
github.com/bmf-san/gogocoin/v1/internal/api/server.go:1006.15,1008.3 1 0
github.com/bmf-san/gogocoin/v1/internal/api/server.go:1010.2,1010.17 1 1
github.com/bmf-san/gogocoin/v1/internal/api/server.go:1014.70,1015.17 1 1
github.com/bmf-san/gogocoin/v1/internal/api/server.go:1015.17,1017.3 1 1
github.com/bmf-san/gogocoin/v1/internal/api/server.go:1019.2,1019.40 1 1
github.com/bmf-san/gogocoin/v1/internal/api/server.go:1019.40,1020.23 1 1
github.com/bmf-san/gogocoin/v1/internal/api/server.go:1020.23,1022.4 1 1
github.com/bmf-san/gogocoin/v1/internal/api/server.go:1025.2,1025.83 1 0
github.com/bmf-san/gogocoin/v1/internal/config/config.go:133.47,137.16 2 1
github.com/bmf-san/gogocoin/v1/internal/config/config.go:137.16,139.3 1 1
github.com/bmf-san/gogocoin/v1/internal/config/config.go:142.2,146.70 3 1
github.com/bmf-san/gogocoin/v1/internal/config/config.go:146.70,148.3 1 1
github.com/bmf-san/gogocoin/v1/internal/config/config.go:151.2,151.42 1 1
github.com/bmf-san/gogocoin/v1/internal/config/config.go:151.42,153.3 1 0
github.com/bmf-san/gogocoin/v1/internal/config/config.go:155.2,155.21 1 1
github.com/bmf-san/gogocoin/v1/internal/config/config.go:159.35,161.22 1 1
github.com/bmf-san/gogocoin/v1/internal/config/config.go:161.22,163.3 1 1
github.com/bmf-san/gogocoin/v1/internal/config/config.go:167.2,167.35 1 1
github.com/bmf-san/gogocoin/v1/internal/config/config.go:167.35,169.3 1 1
github.com/bmf-san/gogocoin/v1/internal/config/config.go:171.2,171.33 1 1
github.com/bmf-san/gogocoin/v1/internal/config/config.go:171.33,173.3 1 1
github.com/bmf-san/gogocoin/v1/internal/config/config.go:176.2,177.65 2 1
github.com/bmf-san/gogocoin/v1/internal/config/config.go:177.65,179.3 1 1
github.com/bmf-san/gogocoin/v1/internal/config/config.go:181.2,181.69 1 1
github.com/bmf-san/gogocoin/v1/internal/config/config.go:181.69,183.3 1 0
github.com/bmf-san/gogocoin/v1/internal/config/config.go:186.2,186.26 1 1
github.com/bmf-san/gogocoin/v1/internal/config/config.go:186.26,188.3 1 0
github.com/bmf-san/gogocoin/v1/internal/config/config.go:190.2,190.73 1 1
github.com/bmf-san/gogocoin/v1/internal/config/config.go:190.73,192.3 1 0
github.com/bmf-san/gogocoin/v1/internal/config/config.go:195.2,195.41 1 1
github.com/bmf-san/gogocoin/v1/internal/config/config.go:195.41,197.3 1 0
github.com/bmf-san/gogocoin/v1/internal/config/config.go:200.2,200.39 1 1
github.com/bmf-san/gogocoin/v1/internal/config/config.go:200.39,202.3 1 0
github.com/bmf-san/gogocoin/v1/internal/config/config.go:204.2,204.40 1 1
github.com/bmf-san/gogocoin/v1/internal/config/config.go:204.40,206.3 1 1
github.com/bmf-san/gogocoin/v1/internal/config/config.go:209.2,209.43 1 1
github.com/bmf-san/gogocoin/v1/internal/config/config.go:209.43,212.3 2 1
github.com/bmf-san/gogocoin/v1/internal/config/config.go:215.2,215.43 1 1
github.com/bmf-san/gogocoin/v1/internal/config/config.go:215.43,217.3 1 0
github.com/bmf-san/gogocoin/v1/internal/config/config.go:218.2,218.39 1 1
github.com/bmf-san/gogocoin/v1/internal/config/config.go:218.39,220.3 1 0
github.com/bmf-san/gogocoin/v1/internal/config/config.go:221.2,221.44 1 1
github.com/bmf-san/gogocoin/v1/internal/config/config.go:221.44,223.3 1 0
github.com/bmf-san/gogocoin/v1/internal/config/config.go:224.2,224.38 1 1
github.com/bmf-san/gogocoin/v1/internal/config/config.go:224.38,226.3 1 0
github.com/bmf-san/gogocoin/v1/internal/config/config.go:228.2,228.12 1 1
github.com/bmf-san/gogocoin/v1/internal/config/config.go:232.37,234.2 1 1
github.com/bmf-san/gogocoin/v1/internal/config/config.go:237.78,238.22 1 1
github.com/bmf-san/gogocoin/v1/internal/config/config.go:239.18,240.40 1 0
github.com/bmf-san/gogocoin/v1/internal/config/config.go:241.10,242.63 1 1
github.com/bmf-san/gogocoin/v1/internal/config/config.go:247.34,250.41 2 0
github.com/bmf-san/gogocoin/v1/internal/config/config.go:250.41,252.3 1 0
github.com/bmf-san/gogocoin/v1/internal/config/config.go:253.2,253.44 1 0
github.com/bmf-san/gogocoin/v1/internal/config/config.go:253.44,255.3 1 0
github.com/bmf-san/gogocoin/v1/internal/config/config.go:257.2,258.21 2 0
github.com/bmf-san/gogocoin/v1/internal/config/runtime.go:28.59,34.2 1 0
github.com/bmf-san/gogocoin/v1/internal/config/runtime.go:37.57,43.2 1 0
github.com/bmf-san/gogocoin/v1/internal/config/validator.go:15.53,19.2 1 1
github.com/bmf-san/gogocoin/v1/internal/config/validator.go:22.62,24.45 1 1
github.com/bmf-san/gogocoin/v1/internal/config/validator.go:24.45,25.55 1 1
github.com/bmf-san/gogocoin/v1/internal/config/validator.go:25.55,27.4 1 0
github.com/bmf-san/gogocoin/v1/internal/config/validator.go:30.2,30.12 1 1
github.com/bmf-san/gogocoin/v1/internal/config/validator.go:34.70,36.18 2 1
github.com/bmf-san/gogocoin/v1/internal/config/validator.go:36.18,37.22 1 1
github.com/bmf-san/gogocoin/v1/internal/config/validator.go:37.22,39.4 1 0
github.com/bmf-san/gogocoin/v1/internal/config/validator.go:40.3,40.13 1 1
github.com/bmf-san/gogocoin/v1/internal/config/validator.go:44.2,45.16 2 0
github.com/bmf-san/gogocoin/v1/internal/config/validator.go:46.17,47.27 1 0
github.com/bmf-san/gogocoin/v1/internal/config/validator.go:48.17,49.26 1 0
github.com/bmf-san/gogocoin/v1/internal/config/validator.go:50.17,51.23 1 0
github.com/bmf-san/gogocoin/v1/internal/config/validator.go:52.17,53.22 1 0
github.com/bmf-san/gogocoin/v1/internal/config/validator.go:54.18,55.23 1 0
github.com/bmf-san/gogocoin/v1/internal/config/validator.go:56.17,57.25 1 0
github.com/bmf-san/gogocoin/v1/internal/config/validator.go:58.10,59.22 1 0
github.com/bmf-san/gogocoin/v1/internal/config/validator.go:59.22,61.4 1 0
github.com/bmf-san/gogocoin/v1/internal/config/validator.go:62.3,62.13 1 0
github.com/bmf-san/gogocoin/v1/internal/config/validator.go:66.2,70.16 3 0
github.com/bmf-san/gogocoin/v1/internal/config/validator.go:70.16,71.22 1 0
github.com/bmf-san/gogocoin/v1/internal/config/validator.go:71.22,73.4 1 0
github.com/bmf-san/gogocoin/v1/internal/config/validator.go:74.3,74.13 1 0
github.com/bmf-san/gogocoin/v1/internal/config/validator.go:77.2,78.9 2 0
github.com/bmf-san/gogocoin/v1/internal/config/validator.go:78.9,79.22 1 0
github.com/bmf-san/gogocoin/v1/internal/config/validator.go:79.22,81.4 1 0
github.com/bmf-san/gogocoin/v1/internal/config/validator.go:82.3,82.13 1 0
github.com/bmf-san/gogocoin/v1/internal/config/validator.go:85.2,86.33 2 0
github.com/bmf-san/gogocoin/v1/internal/config/validator.go:86.33,88.3 1 0
github.com/bmf-san/gogocoin/v1/internal/config/validator.go:90.2,90.42 1 0
github.com/bmf-san/gogocoin/v1/internal/config/validator.go:90.42,112.3 1 0
github.com/bmf-san/gogocoin/v1/internal/config/validator.go:114.2,114.21 1 0
github.com/bmf-san/gogocoin/v1/internal/config/validator.go:114.21,122.3 1 0
github.com/bmf-san/gogocoin/v1/internal/config/validator.go:124.2,124.12 1 0
github.com/bmf-san/gogocoin/v1/internal/config/validator.go:128.76,129.69 1 1
github.com/bmf-san/gogocoin/v1/internal/config/validator.go:129.69,131.3 1 1
github.com/bmf-san/gogocoin/v1/internal/config/validator.go:133.2,133.65 1 1
github.com/bmf-san/gogocoin/v1/internal/config/validator.go:133.65,135.3 1 1
github.com/bmf-san/gogocoin/v1/internal/config/validator.go:137.2,137.28 1 1
github.com/bmf-san/gogocoin/v1/internal/config/validator.go:137.28,139.3 1 1
github.com/bmf-san/gogocoin/v1/internal/config/validator.go:141.2,141.12 1 1
github.com/bmf-san/gogocoin/v1/internal/config/validator.go:145.44,146.40 1 1
github.com/bmf-san/gogocoin/v1/internal/config/validator.go:146.40,147.23 1 1
github.com/bmf-san/gogocoin/v1/internal/config/validator.go:147.23,149.4 1 1
github.com/bmf-san/gogocoin/v1/internal/config/validator.go:151.2,151.15 1 1
github.com/bmf-san/gogocoin/v1/internal/config/validator.go:155.49,165.2 2 1
github.com/bmf-san/gogocoin/v1/internal/config/worker.go:68.41,94.2 1 1
github.com/bmf-san/gogocoin/v1/internal/bitflyer/client.go:54.69,64.48 2 0
github.com/bmf-san/gogocoin/v1/internal/bitflyer/client.go:64.48,66.3 1 0
github.com/bmf-san/gogocoin/v1/internal/bitflyer/client.go:69.2,69.53 1 0
github.com/bmf-san/gogocoin/v1/internal/bitflyer/client.go:69.53,71.3 1 0
github.com/bmf-san/gogocoin/v1/internal/bitflyer/client.go:73.2,73.20 1 0
github.com/bmf-san/gogocoin/v1/internal/bitflyer/client.go:77.41,84.16 3 0
github.com/bmf-san/gogocoin/v1/internal/bitflyer/client.go:84.16,86.3 1 0
github.com/bmf-san/gogocoin/v1/internal/bitflyer/client.go:88.2,90.12 3 0
github.com/bmf-san/gogocoin/v1/internal/bitflyer/client.go:94.46,100.16 4 0
github.com/bmf-san/gogocoin/v1/internal/bitflyer/client.go:100.16,103.3 2 0
github.com/bmf-san/gogocoin/v1/internal/bitflyer/client.go:105.2,108.55 2 0
github.com/bmf-san/gogocoin/v1/internal/bitflyer/client.go:108.55,110.79 2 0
github.com/bmf-san/gogocoin/v1/internal/bitflyer/client.go:110.79,112.4 1 0
github.com/bmf-san/gogocoin/v1/internal/bitflyer/client.go:112.9,114.4 1 0
github.com/bmf-san/gogocoin/v1/internal/bitflyer/client.go:115.8,117.3 1 0
github.com/bmf-san/gogocoin/v1/internal/bitflyer/client.go:119.2,125.12 6 0
github.com/bmf-san/gogocoin/v1/internal/bitflyer/client.go:129.37,133.2 3 0
github.com/bmf-san/gogocoin/v1/internal/bitflyer/client.go:136.51,140.26 3 0
github.com/bmf-san/gogocoin/v1/internal/bitflyer/client.go:140.26,142.3 1 0
github.com/bmf-san/gogocoin/v1/internal/bitflyer/client.go:144.2,144.23 1 0
github.com/bmf-san/gogocoin/v1/internal/bitflyer/client.go:144.23,146.3 1 0
github.com/bmf-san/gogocoin/v1/internal/bitflyer/client.go:148.2,150.12 3 0
github.com/bmf-san/gogocoin/v1/internal/bitflyer/client.go:154.60,156.2 1 0
github.com/bmf-san/gogocoin/v1/internal/bitflyer/client.go:159.62,160.26 1 0
github.com/bmf-san/gogocoin/v1/internal/bitflyer/client.go:160.26,162.3 1 0
github.com/bmf-san/gogocoin/v1/internal/bitflyer/client.go:163.2,163.32 1 0
github.com/bmf-san/gogocoin/v1/internal/bitflyer/client.go:167.57,169.2 1 0
github.com/bmf-san/gogocoin/v1/internal/bitflyer/client.go:172.39,176.2 3 0
github.com/bmf-san/gogocoin/v1/internal/bitflyer/client.go:193.72,194.25 1 0
github.com/bmf-san/gogocoin/v1/internal/bitflyer/client.go:194.25,196.3 1 0
github.com/bmf-san/gogocoin/v1/internal/bitflyer/client.go:198.2,204.16 4 0
github.com/bmf-san/gogocoin/v1/internal/bitflyer/client.go:204.16,207.3 2 0
github.com/bmf-san/gogocoin/v1/internal/bitflyer/client.go:209.2,211.41 2 0
github.com/bmf-san/gogocoin/v1/internal/bitflyer/client.go:211.41,213.3 1 0
github.com/bmf-san/gogocoin/v1/internal/bitflyer/client.go:215.2,215.25 1 0
github.com/bmf-san/gogocoin/v1/internal/bitflyer/client.go:215.25,217.3 1 0
github.com/bmf-san/gogocoin/v1/internal/bitflyer/client.go:219.2,220.39 2 0
github.com/bmf-san/gogocoin/v1/internal/bitflyer/client.go:220.39,225.31 2 0
github.com/bmf-san/gogocoin/v1/internal/bitflyer/client.go:225.31,227.4 1 0
github.com/bmf-san/gogocoin/v1/internal/bitflyer/client.go:229.3,229.34 1 0
github.com/bmf-san/gogocoin/v1/internal/bitflyer/client.go:232.2,233.21 2 0
github.com/bmf-san/gogocoin/v1/internal/bitflyer/client.go:237.89,239.16 2 0
github.com/bmf-san/gogocoin/v1/internal/bitflyer/client.go:239.16,241.3 1 0
github.com/bmf-san/gogocoin/v1/internal/bitflyer/client.go:243.2,243.25 1 0
github.com/bmf-san/gogocoin/v1/internal/bitflyer/client.go:243.25,244.39 1 0
github.com/bmf-san/gogocoin/v1/internal/bitflyer/client.go:244.39,246.4 1 0
github.com/bmf-san/gogocoin/v1/internal/bitflyer/client.go:249.2,249.56 1 0
github.com/bmf-san/gogocoin/v1/internal/bitflyer/client.go:252.40,253.16 1 0
github.com/bmf-san/gogocoin/v1/internal/bitflyer/client.go:253.16,255.3 1 0
github.com/bmf-san/gogocoin/v1/internal/bitflyer/client.go:256.2,256.13 1 0
github.com/bmf-san/gogocoin/v1/internal/bitflyer/client.go:267.79,269.28 1 0
github.com/bmf-san/gogocoin/v1/internal/bitflyer/client.go:269.28,271.3 1 0
github.com/bmf-san/gogocoin/v1/internal/bitflyer/client.go:272.2,272.17 1 0
github.com/bmf-san/gogocoin/v1/internal/bitflyer/client.go:272.17,274.3 1 0
github.com/bmf-san/gogocoin/v1/internal/bitflyer/client.go:276.2,283.41 2 0
github.com/bmf-san/gogocoin/v1/internal/bitflyer/client.go:283.41,285.3 1 0
github.com/bmf-san/gogocoin/v1/internal/bitflyer/client.go:288.2,288.12 1 0
github.com/bmf-san/gogocoin/v1/internal/bitflyer/client.go:288.12,289.7 1 0
github.com/bmf-san/gogocoin/v1/internal/bitflyer/client.go:289.7,290.11 1 0
github.com/bmf-san/gogocoin/v1/internal/bitflyer/client.go:291.23,292.12 1 0
github.com/bmf-san/gogocoin/v1/internal/bitflyer/client.go:293.36,293.36 0 0
github.com/bmf-san/gogocoin/v1/internal/bitflyer/client.go:294.13,294.13 0 0
github.com/bmf-san/gogocoin/v1/internal/bitflyer/client.go:297.19,298.11 1 0
github.com/bmf-san/gogocoin/v1/internal/bitflyer/client.go:303.2,303.11 1 0
github.com/bmf-san/gogocoin/v1/internal/bitflyer/client.go:307.56,308.9 1 0
github.com/bmf-san/gogocoin/v1/internal/bitflyer/client.go:309.21,310.13 1 0
github.com/bmf-san/gogocoin/v1/internal/bitflyer/client.go:311.20,312.19 1 0
github.com/bmf-san/gogocoin/v1/internal/bitflyer/client.go:317.31,320.2 2 0
github.com/bmf-san/gogocoin/v1/internal/bitflyer/client.go:329.75,334.2 1 0
github.com/bmf-san/gogocoin/v1/internal/bitflyer/client.go:337.65,338.30 1 0
github.com/bmf-san/gogocoin/v1/internal/bitflyer/client.go:338.30,340.3 1 0
github.com/bmf-san/gogocoin/v1/internal/bitflyer/client.go:343.2,344.29 2 0
github.com/bmf-san/gogocoin/v1/internal/bitflyer/client.go:344.29,346.3 1 0
github.com/bmf-san/gogocoin/v1/internal/bitflyer/client.go:349.2,349.28 1 0
github.com/bmf-san/gogocoin/v1/internal/bitflyer/client.go:353.60,354.18 1 0
github.com/bmf-san/gogocoin/v1/internal/bitflyer/client.go:354.18,356.3 1 0
github.com/bmf-san/gogocoin/v1/internal/bitflyer/client.go:359.2,359.18 1 0
github.com/bmf-san/gogocoin/v1/internal/bitflyer/client.go:359.18,361.3 1 0
github.com/bmf-san/gogocoin/v1/internal/bitflyer/client.go:363.2,366.27 2 0
github.com/bmf-san/gogocoin/v1/internal/bitflyer/client.go:366.27,368.3 1 0
github.com/bmf-san/gogocoin/v1/internal/bitflyer/client.go:370.2,370.14 1 0
github.com/bmf-san/gogocoin/v1/internal/bitflyer/client.go:378.40,380.2 1 0
github.com/bmf-san/gogocoin/v1/internal/bitflyer/client.go:384.76,385.16 1 0
github.com/bmf-san/gogocoin/v1/internal/bitflyer/client.go:385.16,387.3 1 0
github.com/bmf-san/gogocoin/v1/internal/bitflyer/client.go:391.2,392.32 2 0
github.com/bmf-san/gogocoin/v1/internal/bitflyer/client.go:392.32,395.3 1 0
github.com/bmf-san/gogocoin/v1/internal/bitflyer/client.go:397.2,397.12 1 0
github.com/bmf-san/gogocoin/v1/internal/bitflyer/client.go:402.78,403.16 1 0
github.com/bmf-san/gogocoin/v1/internal/bitflyer/client.go:403.16,405.3 1 0
github.com/bmf-san/gogocoin/v1/internal/bitflyer/client.go:407.2,407.12 1 0
github.com/bmf-san/gogocoin/v1/internal/bitflyer/client.go:421.35,422.22 1 0
github.com/bmf-san/gogocoin/v1/internal/bitflyer/client.go:422.22,424.3 1 0
github.com/bmf-san/gogocoin/v1/internal/bitflyer/client.go:425.2,425.50 1 0
github.com/bmf-san/gogocoin/v1/internal/bitflyer/client.go:429.39,431.2 1 0
github.com/bmf-san/gogocoin/v1/internal/bitflyer/client.go:434.49,436.2 1 0
github.com/bmf-san/gogocoin/v1/internal/bitflyer/client.go:439.37,450.39 3 0
github.com/bmf-san/gogocoin/v1/internal/bitflyer/client.go:450.39,451.39 1 0
github.com/bmf-san/gogocoin/v1/internal/bitflyer/client.go:451.39,453.4 1 0
github.com/bmf-san/gogocoin/v1/internal/bitflyer/client.go:456.2,456.14 1 0
github.com/bmf-san/gogocoin/v1/internal/bitflyer/client.go:460.90,463.67 2 0
github.com/bmf-san/gogocoin/v1/internal/bitflyer/client.go:463.67,464.18 1 0
github.com/bmf-san/gogocoin/v1/internal/bitflyer/client.go:464.18,466.11 1 0
github.com/bmf-san/gogocoin/v1/internal/bitflyer/client.go:467.22,468.21 1 0
github.com/bmf-san/gogocoin/v1/internal/bitflyer/client.go:469.12,469.12 0 0
github.com/bmf-san/gogocoin/v1/internal/bitflyer/client.go:473.4,482.11 3 0
github.com/bmf-san/gogocoin/v1/internal/bitflyer/client.go:483.29,483.29 0 0
github.com/bmf-san/gogocoin/v1/internal/bitflyer/client.go:484.22,485.21 1 0
github.com/bmf-san/gogocoin/v1/internal/bitflyer/client.go:490.3,491.17 2 0
github.com/bmf-san/gogocoin/v1/internal/bitflyer/client.go:491.17,493.19 1 0
github.com/bmf-san/gogocoin/v1/internal/bitflyer/client.go:493.19,498.5 1 0
github.com/bmf-san/gogocoin/v1/internal/bitflyer/client.go:499.4,499.14 1 0
github.com/bmf-san/gogocoin/v1/internal/bitflyer/client.go:502.3,505.47 2 0
github.com/bmf-san/gogocoin/v1/internal/bitflyer/client.go:505.47,512.4 2 0
github.com/bmf-san/gogocoin/v1/internal/bitflyer/client.go:515.2,515.16 1 0
github.com/bmf-san/gogocoin/v1/internal/bitflyer/errors.go:27.39,28.45 1 0
github.com/bmf-san/gogocoin/v1/internal/bitflyer/errors.go:28.45,30.3 1 0
github.com/bmf-san/gogocoin/v1/internal/bitflyer/errors.go:31.2,32.29 2 0
github.com/bmf-san/gogocoin/v1/internal/bitflyer/errors.go:32.29,34.3 1 0
github.com/bmf-san/gogocoin/v1/internal/bitflyer/errors.go:35.2,35.14 1 0
github.com/bmf-san/gogocoin/v1/internal/bitflyer/errors.go:39.48,41.2 1 0
github.com/bmf-san/gogocoin/v1/internal/bitflyer/errors.go:44.44,45.39 1 0
github.com/bmf-san/gogocoin/v1/internal/bitflyer/errors.go:45.39,47.3 1 0
github.com/bmf-san/gogocoin/v1/internal/bitflyer/errors.go:48.2,49.29 2 0
github.com/bmf-san/gogocoin/v1/internal/bitflyer/errors.go:49.29,52.3 1 0
github.com/bmf-san/gogocoin/v1/internal/bitflyer/errors.go:53.2,53.14 1 0
github.com/bmf-san/gogocoin/v1/internal/bitflyer/market_data.go:45.51,60.2 1 0
github.com/bmf-san/gogocoin/v1/internal/bitflyer/market_data.go:115.152,116.19 1 0
github.com/bmf-san/gogocoin/v1/internal/bitflyer/market_data.go:116.19,120.3 1 0
github.com/bmf-san/gogocoin/v1/internal/bitflyer/market_data.go:122.2,122.29 1 0
github.com/bmf-san/gogocoin/v1/internal/bitflyer/market_data.go:122.29,124.3 1 0
github.com/bmf-san/gogocoin/v1/internal/bitflyer/market_data.go:126.2,134.3 1 0
github.com/bmf-san/gogocoin/v1/internal/bitflyer/market_data.go:138.98,140.57 1 0
github.com/bmf-san/gogocoin/v1/internal/bitflyer/market_data.go:140.57,142.3 1 0
github.com/bmf-san/gogocoin/v1/internal/bitflyer/market_data.go:144.2,153.16 4 0
github.com/bmf-san/gogocoin/v1/internal/bitflyer/market_data.go:153.16,156.3 2 0
github.com/bmf-san/gogocoin/v1/internal/bitflyer/market_data.go:158.2,160.41 2 0
github.com/bmf-san/gogocoin/v1/internal/bitflyer/market_data.go:160.41,162.3 1 0
github.com/bmf-san/gogocoin/v1/internal/bitflyer/market_data.go:164.2,164.25 1 0
github.com/bmf-san/gogocoin/v1/internal/bitflyer/market_data.go:164.25,166.3 1 0
github.com/bmf-san/gogocoin/v1/internal/bitflyer/market_data.go:169.2,172.44 2 0
github.com/bmf-san/gogocoin/v1/internal/bitflyer/market_data.go:172.44,173.17 1 0
github.com/bmf-san/gogocoin/v1/internal/bitflyer/market_data.go:173.17,175.4 1 0
github.com/bmf-san/gogocoin/v1/internal/bitflyer/market_data.go:176.3,176.23 1 0
github.com/bmf-san/gogocoin/v1/internal/bitflyer/market_data.go:179.2,194.59 4 0
github.com/bmf-san/gogocoin/v1/internal/bitflyer/market_data.go:194.59,196.3 1 0
github.com/bmf-san/gogocoin/v1/internal/bitflyer/market_data.go:198.2,198.24 1 0
github.com/bmf-san/gogocoin/v1/internal/bitflyer/market_data.go:202.100,204.57 1 0
github.com/bmf-san/gogocoin/v1/internal/bitflyer/market_data.go:204.57,206.3 1 0
github.com/bmf-san/gogocoin/v1/internal/bitflyer/market_data.go:208.2,217.16 4 0
github.com/bmf-san/gogocoin/v1/internal/bitflyer/market_data.go:217.16,220.3 2 0
github.com/bmf-san/gogocoin/v1/internal/bitflyer/market_data.go:222.2,224.41 2 0
github.com/bmf-san/gogocoin/v1/internal/bitflyer/market_data.go:224.41,226.3 1 0
github.com/bmf-san/gogocoin/v1/internal/bitflyer/market_data.go:228.2,228.25 1 0
github.com/bmf-san/gogocoin/v1/internal/bitflyer/market_data.go:228.25,230.3 1 0
github.com/bmf-san/gogocoin/v1/internal/bitflyer/market_data.go:233.2,240.44 3 0
github.com/bmf-san/gogocoin/v1/internal/bitflyer/market_data.go:240.44,241.17 1 0
github.com/bmf-san/gogocoin/v1/internal/bitflyer/market_data.go:241.17,243.4 1 0
github.com/bmf-san/gogocoin/v1/internal/bitflyer/market_data.go:244.3,244.23 1 0
github.com/bmf-san/gogocoin/v1/internal/bitflyer/market_data.go:248.2,248.23 1 0
github.com/bmf-san/gogocoin/v1/internal/bitflyer/market_data.go:248.23,249.35 1 0
github.com/bmf-san/gogocoin/v1/internal/bitflyer/market_data.go:249.35,254.4 1 0
github.com/bmf-san/gogocoin/v1/internal/bitflyer/market_data.go:258.2,258.23 1 0
github.com/bmf-san/gogocoin/v1/internal/bitflyer/market_data.go:258.23,259.35 1 0
github.com/bmf-san/gogocoin/v1/internal/bitflyer/market_data.go:259.35,264.4 1 0
github.com/bmf-san/gogocoin/v1/internal/bitflyer/market_data.go:267.2,267.23 1 0
github.com/bmf-san/gogocoin/v1/internal/bitflyer/market_data.go:271.113,273.57 1 0
github.com/bmf-san/gogocoin/v1/internal/bitflyer/market_data.go:273.57,275.3 1 0
github.com/bmf-san/gogocoin/v1/internal/bitflyer/market_data.go:277.2,283.15 3 0
github.com/bmf-san/gogocoin/v1/internal/bitflyer/market_data.go:283.15,285.3 1 0
github.com/bmf-san/gogocoin/v1/internal/bitflyer/market_data.go:288.2,292.16 3 0
github.com/bmf-san/gogocoin/v1/internal/bitflyer/market_data.go:292.16,295.3 2 0
github.com/bmf-san/gogocoin/v1/internal/bitflyer/market_data.go:297.2,299.41 2 0
github.com/bmf-san/gogocoin/v1/internal/bitflyer/market_data.go:299.41,301.3 1 0
github.com/bmf-san/gogocoin/v1/internal/bitflyer/market_data.go:303.2,303.25 1 0
github.com/bmf-san/gogocoin/v1/internal/bitflyer/market_data.go:303.25,305.3 1 0
github.com/bmf-san/gogocoin/v1/internal/bitflyer/market_data.go:308.2,309.37 2 0
github.com/bmf-san/gogocoin/v1/internal/bitflyer/market_data.go:309.37,311.42 1 0
github.com/bmf-san/gogocoin/v1/internal/bitflyer/market_data.go:311.42,312.18 1 0
github.com/bmf-san/gogocoin/v1/internal/bitflyer/market_data.go:312.18,314.5 1 0
github.com/bmf-san/gogocoin/v1/internal/bitflyer/market_data.go:315.4,315.15 1 0
github.com/bmf-san/gogocoin/v1/internal/bitflyer/market_data.go:318.3,318.45 1 0
github.com/bmf-san/gogocoin/v1/internal/bitflyer/market_data.go:318.45,319.18 1 0
github.com/bmf-san/gogocoin/v1/internal/bitflyer/market_data.go:319.18,321.5 1 0
github.com/bmf-san/gogocoin/v1/internal/bitflyer/market_data.go:322.4,322.24 1 0
github.com/bmf-san/gogocoin/v1/internal/bitflyer/market_data.go:326.3,327.27 2 0
github.com/bmf-san/gogocoin/v1/internal/bitflyer/market_data.go:327.27,329.4 1 0
github.com/bmf-san/gogocoin/v1/internal/bitflyer/market_data.go:329.9,331.4 1 0
github.com/bmf-san/gogocoin/v1/internal/bitflyer/market_data.go:333.3,342.85 2 0
github.com/bmf-san/gogocoin/v1/internal/bitflyer/market_data.go:342.85,344.4 1 0
github.com/bmf-san/gogocoin/v1/internal/bitflyer/market_data.go:345.3,345.87 1 0
github.com/bmf-san/gogocoin/v1/internal/bitflyer/market_data.go:345.87,347.4 1 0
github.com/bmf-san/gogocoin/v1/internal/bitflyer/market_data.go:349.3,349.45 1 0
github.com/bmf-san/gogocoin/v1/internal/bitflyer/market_data.go:352.2,352.24 1 0
github.com/bmf-san/gogocoin/v1/internal/bitflyer/market_data.go:356.118,357.31 1 0
github.com/bmf-san/gogocoin/v1/internal/bitflyer/market_data.go:357.31,359.3 1 0
github.com/bmf-san/gogocoin/v1/internal/bitflyer/market_data.go:362.2,366.24 3 0
github.com/bmf-san/gogocoin/v1/internal/bitflyer/market_data.go:366.24,372.69 4 0
github.com/bmf-san/gogocoin/v1/internal/bitflyer/market_data.go:372.69,379.14 5 0
github.com/bmf-san/gogocoin/v1/internal/bitflyer/market_data.go:379.14,392.63 2 0
github.com/bmf-san/gogocoin/v1/internal/bitflyer/market_data.go:392.63,395.6 2 0
github.com/bmf-san/gogocoin/v1/internal/bitflyer/market_data.go:397.5,402.19 3 0
github.com/bmf-san/gogocoin/v1/internal/bitflyer/market_data.go:403.10,405.5 1 0
github.com/bmf-san/gogocoin/v1/internal/bitflyer/market_data.go:408.3,408.62 1 0
github.com/bmf-san/gogocoin/v1/internal/bitflyer/market_data.go:409.8,411.3 1 0
github.com/bmf-san/gogocoin/v1/internal/bitflyer/market_data.go:414.2,423.68 7 0
github.com/bmf-san/gogocoin/v1/internal/bitflyer/market_data.go:423.68,426.3 2 0
github.com/bmf-san/gogocoin/v1/internal/bitflyer/market_data.go:428.2,429.12 2 0
github.com/bmf-san/gogocoin/v1/internal/bitflyer/market_data.go:433.123,434.31 1 0
github.com/bmf-san/gogocoin/v1/internal/bitflyer/market_data.go:434.31,436.3 1 0
github.com/bmf-san/gogocoin/v1/internal/bitflyer/market_data.go:439.2,440.35 2 0
github.com/bmf-san/gogocoin/v1/internal/bitflyer/market_data.go:440.35,445.78 3 0
github.com/bmf-san/gogocoin/v1/internal/bitflyer/market_data.go:445.78,452.14 5 0
github.com/bmf-san/gogocoin/v1/internal/bitflyer/market_data.go:452.14,454.45 2 0
github.com/bmf-san/gogocoin/v1/internal/bitflyer/market_data.go:454.45,457.20 2 0
github.com/bmf-san/gogocoin/v1/internal/bitflyer/market_data.go:457.20,459.7 1 0
github.com/bmf-san/gogocoin/v1/internal/bitflyer/market_data.go:461.6,470.46 2 0
github.com/bmf-san/gogocoin/v1/internal/bitflyer/market_data.go:470.46,472.7 1 0
github.com/bmf-san/gogocoin/v1/internal/bitflyer/market_data.go:473.6,473.47 1 0
github.com/bmf-san/gogocoin/v1/internal/bitflyer/market_data.go:473.47,475.7 1 0
github.com/bmf-san/gogocoin/v1/internal/bitflyer/market_data.go:477.6,477.48 1 0
github.com/bmf-san/gogocoin/v1/internal/bitflyer/market_data.go:480.5,480.19 1 0
github.com/bmf-san/gogocoin/v1/internal/bitflyer/market_data.go:481.10,483.5 1 0
github.com/bmf-san/gogocoin/v1/internal/bitflyer/market_data.go:486.3,486.65 1 0
github.com/bmf-san/gogocoin/v1/internal/bitflyer/market_data.go:487.8,489.3 1 0
github.com/bmf-san/gogocoin/v1/internal/bitflyer/market_data.go:492.2,501.68 7 0
github.com/bmf-san/gogocoin/v1/internal/bitflyer/market_data.go:501.68,504.3 2 0
github.com/bmf-san/gogocoin/v1/internal/bitflyer/market_data.go:506.2,507.12 2 0
github.com/bmf-san/gogocoin/v1/internal/bitflyer/market_data.go:511.120,512.31 1 0
github.com/bmf-san/gogocoin/v1/internal/bitflyer/market_data.go:512.31,514.3 1 0
github.com/bmf-san/gogocoin/v1/internal/bitflyer/market_data.go:517.2,517.31 1 0
github.com/bmf-san/gogocoin/v1/internal/bitflyer/market_data.go:517.31,522.85 2 0
github.com/bmf-san/gogocoin/v1/internal/bitflyer/market_data.go:522.85,526.70 2 0
github.com/bmf-san/gogocoin/v1/internal/bitflyer/market_data.go:526.70,529.5 2 0
github.com/bmf-san/gogocoin/v1/internal/bitflyer/market_data.go:529.10,531.5 1 0
github.com/bmf-san/gogocoin/v1/internal/bitflyer/market_data.go:535.3,535.66 1 0
github.com/bmf-san/gogocoin/v1/internal/bitflyer/market_data.go:535.66,539.67 2 0
github.com/bmf-san/gogocoin/v1/internal/bitflyer/market_data.go:539.67,542.5 2 0
github.com/bmf-san/gogocoin/v1/internal/bitflyer/market_data.go:545.3,545.61 1 0
github.com/bmf-san/gogocoin/v1/internal/bitflyer/market_data.go:549.2,556.76 5 0
github.com/bmf-san/gogocoin/v1/internal/bitflyer/market_data.go:556.76,559.3 2 0
github.com/bmf-san/gogocoin/v1/internal/bitflyer/market_data.go:562.2,565.72 3 0
github.com/bmf-san/gogocoin/v1/internal/bitflyer/market_data.go:565.72,568.3 2 0
github.com/bmf-san/gogocoin/v1/internal/bitflyer/market_data.go:570.2,571.12 2 0
github.com/bmf-san/gogocoin/v1/internal/bitflyer/market_data.go:575.99,582.32 2 0
github.com/bmf-san/gogocoin/v1/internal/bitflyer/market_data.go:582.32,587.3 1 0
github.com/bmf-san/gogocoin/v1/internal/bitflyer/market_data.go:590.2,590.32 1 0
github.com/bmf-san/gogocoin/v1/internal/bitflyer/market_data.go:590.32,595.3 1 0
github.com/bmf-san/gogocoin/v1/internal/bitflyer/market_data.go:597.2,597.18 1 0
github.com/bmf-san/gogocoin/v1/internal/bitflyer/market_data.go:601.74,603.84 1 0
github.com/bmf-san/gogocoin/v1/internal/bitflyer/market_data.go:603.84,605.3 1 0
github.com/bmf-san/gogocoin/v1/internal/bitflyer/market_data.go:608.2,608.86 1 0
github.com/bmf-san/gogocoin/v1/internal/bitflyer/market_data.go:608.86,610.3 1 0
github.com/bmf-san/gogocoin/v1/internal/bitflyer/market_data.go:614.2,614.74 1 0
github.com/bmf-san/gogocoin/v1/internal/bitflyer/market_data.go:614.74,616.3 1 0
github.com/bmf-san/gogocoin/v1/internal/bitflyer/market_data.go:619.2,619.29 1 0
github.com/bmf-san/gogocoin/v1/internal/bitflyer/market_data.go:619.29,621.3 1 0
github.com/bmf-san/gogocoin/v1/internal/bitflyer/market_data.go:623.2,623.12 1 0
github.com/bmf-san/gogocoin/v1/internal/bitflyer/market_data.go:627.74,628.19 1 0
github.com/bmf-san/gogocoin/v1/internal/bitflyer/market_data.go:628.19,630.3 1 0
github.com/bmf-san/gogocoin/v1/internal/bitflyer/market_data.go:633.2,640.47 5 0
github.com/bmf-san/gogocoin/v1/internal/bitflyer/market_data.go:640.47,644.3 2 0
github.com/bmf-san/gogocoin/v1/internal/bitflyer/market_data.go:646.2,663.28 4 0
github.com/bmf-san/gogocoin/v1/internal/bitflyer/market_data.go:663.28,666.3 1 0
github.com/bmf-san/gogocoin/v1/internal/bitflyer/market_data.go:668.2,668.9 1 0
github.com/bmf-san/gogocoin/v1/internal/bitflyer/market_data.go:669.32,671.9 1 0
github.com/bmf-san/gogocoin/v1/internal/bitflyer/market_data.go:672.39,673.13 1 0
github.com/bmf-san/gogocoin/v1/internal/bitflyer/market_data.go:673.13,674.17 1 0
github.com/bmf-san/gogocoin/v1/internal/bitflyer/market_data.go:674.17,674.40 1 0
github.com/bmf-san/gogocoin/v1/internal/bitflyer/market_data.go:677.4,677.11 1 0
github.com/bmf-san/gogocoin/v1/internal/bitflyer/market_data.go:678.34,679.11 1 0
github.com/bmf-san/gogocoin/v1/internal/bitflyer/market_data.go:680.12,680.12 0 0
github.com/bmf-san/gogocoin/v1/internal/bitflyer/market_data.go:683.4,683.57 1 0
github.com/bmf-san/gogocoin/v1/internal/bitflyer/market_data.go:683.57,685.5 1 0
github.com/bmf-san/gogocoin/v1/internal/bitflyer/market_data.go:685.10,687.5 1 0
github.com/bmf-san/gogocoin/v1/internal/bitflyer/market_data.go:689.10,690.97 1 0
github.com/bmf-san/gogocoin/v1/internal/bitflyer/market_data.go:696.48,705.2 7 0
github.com/bmf-san/gogocoin/v1/internal/bitflyer/market_specs.go:33.80,39.2 1 1
github.com/bmf-san/gogocoin/v1/internal/bitflyer/market_specs.go:43.90,45.16 2 1
github.com/bmf-san/gogocoin/v1/internal/bitflyer/market_specs.go:45.16,50.25 2 1
github.com/bmf-san/gogocoin/v1/internal/bitflyer/market_specs.go:50.25,52.4 1 1
github.com/bmf-san/gogocoin/v1/internal/bitflyer/market_specs.go:53.3,53.23 1 0
github.com/bmf-san/gogocoin/v1/internal/bitflyer/market_specs.go:55.2,55.26 1 1
github.com/bmf-san/gogocoin/v1/internal/bitflyer/market_specs.go:59.91,62.80 2 1
github.com/bmf-san/gogocoin/v1/internal/bitflyer/market_specs.go:62.80,65.3 2 1
github.com/bmf-san/gogocoin/v1/internal/bitflyer/market_specs.go:66.2,73.80 4 1
github.com/bmf-san/gogocoin/v1/internal/bitflyer/market_specs.go:73.80,75.3 1 0
github.com/bmf-san/gogocoin/v1/internal/bitflyer/market_specs.go:78.2,78.67 1 1
github.com/bmf-san/gogocoin/v1/internal/bitflyer/market_specs.go:78.67,80.46 1 0
github.com/bmf-san/gogocoin/v1/internal/bitflyer/market_specs.go:80.46,82.4 1 0
github.com/bmf-san/gogocoin/v1/internal/bitflyer/market_specs.go:83.3,83.80 1 0
github.com/bmf-san/gogocoin/v1/internal/bitflyer/market_specs.go:86.2,87.13 2 1
github.com/bmf-san/gogocoin/v1/internal/bitflyer/market_specs.go:87.13,89.3 1 1
github.com/bmf-san/gogocoin/v1/internal/bitflyer/market_specs.go:91.2,91.18 1 1
github.com/bmf-san/gogocoin/v1/internal/bitflyer/market_specs.go:96.78,100.2 3 1
github.com/bmf-san/gogocoin/v1/internal/bitflyer/market_specs.go:103.84,106.21 1 1
github.com/bmf-san/gogocoin/v1/internal/bitflyer/market_specs.go:106.21,111.3 3 1
github.com/bmf-san/gogocoin/v1/internal/bitflyer/market_specs.go:114.2,115.16 2 0
github.com/bmf-san/gogocoin/v1/internal/bitflyer/market_specs.go:115.16,122.3 3 0
github.com/bmf-san/gogocoin/v1/internal/bitflyer/market_specs.go:126.2,126.33 1 0
github.com/bmf-san/gogocoin/v1/internal/bitflyer/market_specs.go:126.33,128.18 2 0
github.com/bmf-san/gogocoin/v1/internal/bitflyer/market_specs.go:128.18,131.4 2 0
github.com/bmf-san/gogocoin/v1/internal/bitflyer/market_specs.go:134.2,135.12 2 0
github.com/bmf-san/gogocoin/v1/internal/bitflyer/market_specs.go:140.87,180.2 2 1
github.com/bmf-san/gogocoin/v1/internal/bitflyer/market_specs.go:184.62,186.41 2 1
github.com/bmf-san/gogocoin/v1/internal/bitflyer/market_specs.go:186.41,187.54 1 1
github.com/bmf-san/gogocoin/v1/internal/bitflyer/market_specs.go:187.54,190.4 2 1
github.com/bmf-san/gogocoin/v1/internal/bitflyer/market_specs.go:195.98,197.17 2 1
github.com/bmf-san/gogocoin/v1/internal/bitflyer/market_specs.go:197.17,199.3 1 0
github.com/bmf-san/gogocoin/v1/internal/bitflyer/market_specs.go:202.2,202.16 1 1
github.com/bmf-san/gogocoin/v1/internal/bitflyer/market_specs.go:203.39,204.20 1 0
github.com/bmf-san/gogocoin/v1/internal/bitflyer/market_specs.go:205.28,206.19 1 0
github.com/bmf-san/gogocoin/v1/internal/bitflyer/market_specs.go:207.28,208.19 1 0
github.com/bmf-san/gogocoin/v1/internal/bitflyer/market_specs.go:209.17,210.18 1 0
github.com/bmf-san/gogocoin/v1/internal/bitflyer/market_specs.go:211.18,212.18 1 0
github.com/bmf-san/gogocoin/v1/internal/bitflyer/market_specs.go:213.10,214.61 1 1
github.com/bmf-san/gogocoin/v1/internal/app/app.go:79.72,97.16 4 0
github.com/bmf-san/gogocoin/v1/internal/app/app.go:97.16,99.3 1 0
github.com/bmf-san/gogocoin/v1/internal/app/app.go:102.2,114.55 11 0
github.com/bmf-san/gogocoin/v1/internal/app/app.go:114.55,116.3 1 0
github.com/bmf-san/gogocoin/v1/internal/app/app.go:119.2,119.42 1 0
github.com/bmf-san/gogocoin/v1/internal/app/app.go:119.42,121.3 1 0
github.com/bmf-san/gogocoin/v1/internal/app/app.go:124.2,136.41 2 0
github.com/bmf-san/gogocoin/v1/internal/app/app.go:136.41,137.105 1 0
github.com/bmf-san/gogocoin/v1/internal/app/app.go:137.105,139.4 1 0
github.com/bmf-san/gogocoin/v1/internal/app/app.go:143.2,143.129 1 0
github.com/bmf-san/gogocoin/v1/internal/app/app.go:143.129,145.3 1 0
github.com/bmf-san/gogocoin/v1/internal/app/app.go:148.2,148.90 1 0
github.com/bmf-san/gogocoin/v1/internal/app/app.go:148.90,149.49 1 0
github.com/bmf-san/gogocoin/v1/internal/app/app.go:149.49,152.4 2 0
github.com/bmf-san/gogocoin/v1/internal/app/app.go:155.2,155.17 1 0
github.com/bmf-san/gogocoin/v1/internal/app/app.go:160.56,173.71 8 0
github.com/bmf-san/gogocoin/v1/internal/app/app.go:173.71,175.3 1 0
github.com/bmf-san/gogocoin/v1/internal/app/app.go:176.2,179.42 2 0
github.com/bmf-san/gogocoin/v1/internal/app/app.go:179.42,180.13 1 0
github.com/bmf-san/gogocoin/v1/internal/app/app.go:180.13,181.64 1 0
github.com/bmf-san/gogocoin/v1/internal/app/app.go:181.64,183.5 1 0
github.com/bmf-san/gogocoin/v1/internal/app/app.go:185.3,185.77 1 0
github.com/bmf-san/gogocoin/v1/internal/app/app.go:189.2,193.9 3 0
github.com/bmf-san/gogocoin/v1/internal/app/app.go:193.9,195.3 1 0
github.com/bmf-san/gogocoin/v1/internal/app/app.go:198.2,220.9 11 0
github.com/bmf-san/gogocoin/v1/internal/app/app.go:221.20,222.62 1 0
github.com/bmf-san/gogocoin/v1/internal/app/app.go:223.20,224.66 1 0
github.com/bmf-san/gogocoin/v1/internal/app/app.go:229.2,232.74 3 0
github.com/bmf-san/gogocoin/v1/internal/app/app.go:232.74,234.3 1 0
github.com/bmf-san/gogocoin/v1/internal/app/app.go:237.2,241.29 2 0
github.com/bmf-san/gogocoin/v1/internal/app/app.go:241.29,243.3 1 0
github.com/bmf-san/gogocoin/v1/internal/app/app.go:244.2,244.25 1 0
github.com/bmf-san/gogocoin/v1/internal/app/app.go:244.25,246.3 1 0
github.com/bmf-san/gogocoin/v1/internal/app/app.go:248.2,255.43 5 0
github.com/bmf-san/gogocoin/v1/internal/app/app.go:255.43,258.3 1 0
github.com/bmf-san/gogocoin/v1/internal/app/app.go:260.2,260.12 1 0
github.com/bmf-san/gogocoin/v1/internal/app/app.go:264.120,266.12 2 0
github.com/bmf-san/gogocoin/v1/internal/app/app.go:266.12,268.16 2 0
github.com/bmf-san/gogocoin/v1/internal/app/app.go:268.16,269.32 1 0
github.com/bmf-san/gogocoin/v1/internal/app/app.go:269.32,271.5 1 0
github.com/bmf-san/gogocoin/v1/internal/app/app.go:273.3,273.13 1 0
github.com/bmf-san/gogocoin/v1/internal/app/app.go:282.44,283.28 1 0
github.com/bmf-san/gogocoin/v1/internal/app/app.go:283.28,285.3 1 0
github.com/bmf-san/gogocoin/v1/internal/app/app.go:286.2,286.38 1 0
github.com/bmf-san/gogocoin/v1/internal/app/app.go:290.49,291.28 1 0
github.com/bmf-san/gogocoin/v1/internal/app/app.go:291.28,293.3 1 0
github.com/bmf-san/gogocoin/v1/internal/app/app.go:296.2,296.58 1 0
github.com/bmf-san/gogocoin/v1/internal/app/app.go:296.58,298.3 1 0
github.com/bmf-san/gogocoin/v1/internal/app/app.go:301.2,304.90 2 0
github.com/bmf-san/gogocoin/v1/internal/app/app.go:304.90,305.49 1 0
github.com/bmf-san/gogocoin/v1/internal/app/app.go:305.49,308.4 2 0
github.com/bmf-san/gogocoin/v1/internal/app/app.go:312.2,312.48 1 0
github.com/bmf-san/gogocoin/v1/internal/app/app.go:312.48,314.3 1 0
github.com/bmf-san/gogocoin/v1/internal/app/app.go:316.2,316.12 1 0
github.com/bmf-san/gogocoin/v1/internal/app/app.go:320.119,321.28 1 0
github.com/bmf-san/gogocoin/v1/internal/app/app.go:321.28,323.3 1 0
github.com/bmf-san/gogocoin/v1/internal/app/app.go:324.2,324.65 1 0
github.com/bmf-san/gogocoin/v1/internal/app/app.go:332.97,334.2 1 0
github.com/bmf-san/gogocoin/v1/internal/app/app.go:337.66,339.2 1 0
github.com/bmf-san/gogocoin/v1/internal/app/app.go:342.64,346.2 3 0
github.com/bmf-san/gogocoin/v1/internal/app/app.go:350.49,354.2 3 0
github.com/bmf-san/gogocoin/v1/internal/app/app.go:357.63,359.35 2 0
github.com/bmf-san/gogocoin/v1/internal/app/app.go:359.35,362.3 2 0
github.com/bmf-san/gogocoin/v1/internal/app/app.go:363.2,367.41 3 0
github.com/bmf-san/gogocoin/v1/internal/app/app.go:367.41,369.14 2 0
github.com/bmf-san/gogocoin/v1/internal/app/app.go:369.14,371.4 1 0
github.com/bmf-san/gogocoin/v1/internal/app/app.go:372.3,372.103 1 0
github.com/bmf-san/gogocoin/v1/internal/app/app.go:372.103,375.4 1 0
github.com/bmf-san/gogocoin/v1/internal/app/app.go:379.2,379.13 1 0
github.com/bmf-san/gogocoin/v1/internal/app/app.go:379.13,382.3 2 0
github.com/bmf-san/gogocoin/v1/internal/app/app.go:382.8,385.3 2 0
github.com/bmf-san/gogocoin/v1/internal/app/app.go:387.2,387.12 1 0
github.com/bmf-san/gogocoin/v1/internal/app/app.go:391.61,396.26 2 0
github.com/bmf-san/gogocoin/v1/internal/app/app.go:396.26,398.3 1 0
github.com/bmf-san/gogocoin/v1/internal/app/app.go:414.2,414.28 1 0
github.com/bmf-san/gogocoin/v1/internal/app/app.go:414.28,415.52 1 0
github.com/bmf-san/gogocoin/v1/internal/app/app.go:415.52,417.4 1 0
github.com/bmf-san/gogocoin/v1/internal/app/app.go:422.2,430.41 3 0
github.com/bmf-san/gogocoin/v1/internal/app/app.go:430.41,431.62 1 0
github.com/bmf-san/gogocoin/v1/internal/app/app.go:431.62,434.4 1 0
github.com/bmf-san/gogocoin/v1/internal/app/app.go:443.2,444.12 2 0
github.com/bmf-san/gogocoin/v1/internal/app/app.go:448.52,457.48 4 0
github.com/bmf-san/gogocoin/v1/internal/app/app.go:457.48,463.3 1 0
github.com/bmf-san/gogocoin/v1/internal/app/app.go:465.2,465.28 1 0
github.com/bmf-san/gogocoin/v1/internal/app/app.go:465.28,467.3 1 0
github.com/bmf-san/gogocoin/v1/internal/app/app.go:469.2,469.15 1 0
github.com/bmf-san/gogocoin/v1/internal/app/app.go:473.84,474.47 1 0
github.com/bmf-san/gogocoin/v1/internal/app/app.go:474.47,476.3 1 0
github.com/bmf-san/gogocoin/v1/internal/app/app.go:478.2,479.16 2 0
github.com/bmf-san/gogocoin/v1/internal/app/app.go:479.16,481.3 1 0
github.com/bmf-san/gogocoin/v1/internal/app/app.go:484.2,485.39 2 0
github.com/bmf-san/gogocoin/v1/internal/app/app.go:485.39,492.3 1 0
github.com/bmf-san/gogocoin/v1/internal/app/app.go:494.2,494.22 1 0
github.com/bmf-san/gogocoin/v1/internal/app/app.go:498.58,502.19 3 0
github.com/bmf-san/gogocoin/v1/internal/app/app.go:502.19,504.3 1 0
github.com/bmf-san/gogocoin/v1/internal/app/app.go:506.2,509.41 2 0
github.com/bmf-san/gogocoin/v1/internal/app/app.go:509.41,511.3 1 0
github.com/bmf-san/gogocoin/v1/internal/app/app.go:514.2,514.28 1 0
github.com/bmf-san/gogocoin/v1/internal/app/app.go:514.28,516.3 1 0
github.com/bmf-san/gogocoin/v1/internal/app/app.go:520.2,523.12 3 0
github.com/bmf-san/gogocoin/v1/internal/app/app.go:527.38,531.20 3 0
github.com/bmf-san/gogocoin/v1/internal/app/app.go:531.20,533.3 1 0
github.com/bmf-san/gogocoin/v1/internal/app/app.go:535.2,538.26 2 0
github.com/bmf-san/gogocoin/v1/internal/app/app.go:538.26,540.3 1 0
github.com/bmf-san/gogocoin/v1/internal/app/app.go:543.2,543.42 1 0
github.com/bmf-san/gogocoin/v1/internal/app/app.go:543.42,547.77 3 0
github.com/bmf-san/gogocoin/v1/internal/app/app.go:547.77,549.4 1 0
github.com/bmf-san/gogocoin/v1/internal/app/app.go:553.2,553.28 1 0
github.com/bmf-san/gogocoin/v1/internal/app/app.go:553.28,555.3 1 0
github.com/bmf-san/gogocoin/v1/internal/app/app.go:557.2,560.12 3 0
github.com/bmf-san/gogocoin/v1/internal/app/app.go:564.39,565.35 1 0
github.com/bmf-san/gogocoin/v1/internal/app/app.go:565.35,567.3 1 0
github.com/bmf-san/gogocoin/v1/internal/app/app.go:571.2,571.28 1 0
github.com/bmf-san/gogocoin/v1/internal/app/app.go:571.28,573.52 2 0
github.com/bmf-san/gogocoin/v1/internal/app/app.go:573.52,575.4 1 0
github.com/bmf-san/gogocoin/v1/internal/app/app.go:579.2,579.41 1 0
github.com/bmf-san/gogocoin/v1/internal/app/app.go:579.41,580.62 1 0
github.com/bmf-san/gogocoin/v1/internal/app/app.go:580.62,582.4 1 0
github.com/bmf-san/gogocoin/v1/internal/app/app.go:585.2,585.12 1 0
github.com/bmf-san/gogocoin/v1/internal/app/app.go:589.52,590.41 1 0
github.com/bmf-san/gogocoin/v1/internal/app/app.go:590.41,592.3 1 0
github.com/bmf-san/gogocoin/v1/internal/app/app.go:594.2,600.12 3 0
github.com/bmf-san/gogocoin/v1/internal/app/connection_manager.go:38.22,49.2 1 1
github.com/bmf-san/gogocoin/v1/internal/app/connection_manager.go:52.49,53.22 1 1
github.com/bmf-san/gogocoin/v1/internal/app/connection_manager.go:53.22,55.3 1 1
github.com/bmf-san/gogocoin/v1/internal/app/connection_manager.go:56.2,56.32 1 1
github.com/bmf-san/gogocoin/v1/internal/app/connection_manager.go:60.54,64.22 2 1
github.com/bmf-san/gogocoin/v1/internal/app/connection_manager.go:64.22,66.46 2 1
github.com/bmf-san/gogocoin/v1/internal/app/connection_manager.go:66.46,68.4 1 1
github.com/bmf-san/gogocoin/v1/internal/app/connection_manager.go:72.2,72.29 1 1
github.com/bmf-san/gogocoin/v1/internal/app/connection_manager.go:72.29,74.3 1 1
github.com/bmf-san/gogocoin/v1/internal/app/connection_manager.go:77.2,91.16 3 1
github.com/bmf-san/gogocoin/v1/internal/app/connection_manager.go:91.16,93.3 1 1
github.com/bmf-san/gogocoin/v1/internal/app/connection_manager.go:96.2,119.12 10 0
github.com/bmf-san/gogocoin/v1/internal/app/connection_manager.go:123.124,124.29 1 1
github.com/bmf-san/gogocoin/v1/internal/app/connection_manager.go:124.29,126.3 1 1
github.com/bmf-san/gogocoin/v1/internal/app/connection_manager.go:127.2,127.66 1 1
github.com/bmf-san/gogocoin/v1/internal/app/connection_manager.go:131.71,133.2 1 1
github.com/bmf-san/gogocoin/v1/internal/app/connection_manager.go:136.71,138.2 1 1
github.com/bmf-san/gogocoin/v1/internal/app/connection_manager.go:141.65,143.2 1 1
github.com/bmf-san/gogocoin/v1/internal/app/connection_manager.go:146.63,147.22 1 1
github.com/bmf-san/gogocoin/v1/internal/app/connection_manager.go:147.22,149.3 1 1
github.com/bmf-san/gogocoin/v1/internal/app/connection_manager.go:150.2,150.12 1 1
github.com/bmf-san/gogocoin/v1/internal/app/diagnostics.go:4.48,8.28 2 0
github.com/bmf-san/gogocoin/v1/internal/app/diagnostics.go:8.28,10.3 1 0
github.com/bmf-san/gogocoin/v1/internal/app/diagnostics.go:10.8,13.3 2 0
github.com/bmf-san/gogocoin/v1/internal/app/diagnostics.go:16.2,19.31 3 0
github.com/bmf-san/gogocoin/v1/internal/app/diagnostics.go:19.31,21.3 1 0
github.com/bmf-san/gogocoin/v1/internal/app/diagnostics.go:21.8,28.3 6 0
github.com/bmf-san/gogocoin/v1/internal/app/diagnostics.go:31.2,32.42 2 0
github.com/bmf-san/gogocoin/v1/internal/app/diagnostics.go:32.42,34.3 1 0
github.com/bmf-san/gogocoin/v1/internal/app/diagnostics.go:37.2,47.28 6 0
github.com/bmf-san/gogocoin/v1/internal/app/diagnostics.go:47.28,48.36 1 0
github.com/bmf-san/gogocoin/v1/internal/app/diagnostics.go:48.36,50.4 1 0
github.com/bmf-san/gogocoin/v1/internal/app/diagnostics.go:50.9,53.4 2 0
github.com/bmf-san/gogocoin/v1/internal/app/diagnostics.go:57.2,57.48 1 0
github.com/bmf-san/gogocoin/v1/internal/app/diagnostics.go:57.48,58.54 1 0
github.com/bmf-san/gogocoin/v1/internal/app/diagnostics.go:58.54,60.4 1 0
github.com/bmf-san/gogocoin/v1/internal/app/diagnostics.go:60.9,62.4 1 0
github.com/bmf-san/gogocoin/v1/internal/app/diagnostics.go:63.8,65.3 1 0
github.com/bmf-san/gogocoin/v1/internal/app/diagnostics.go:67.2,67.51 1 0
github.com/bmf-san/gogocoin/v1/internal/app/errors.go:12.35,13.18 1 0
github.com/bmf-san/gogocoin/v1/internal/app/errors.go:13.18,15.3 1 0
github.com/bmf-san/gogocoin/v1/internal/app/errors.go:16.2,16.49 1 0
github.com/bmf-san/gogocoin/v1/internal/app/errors.go:19.35,21.2 1 0
github.com/bmf-san/gogocoin/v1/internal/app/errors.go:26.57,31.2 1 0
github.com/bmf-san/gogocoin/v1/internal/app/errors.go:34.74,40.2 1 0
github.com/bmf-san/gogocoin/v1/internal/app/errors.go:43.43,48.2 1 0
github.com/bmf-san/gogocoin/v1/internal/app/errors.go:51.39,56.2 1 0
github.com/bmf-san/gogocoin/v1/internal/app/market_data_adapter.go:16.85,18.2 1 0
github.com/bmf-san/gogocoin/v1/internal/app/market_data_adapter.go:21.130,23.55 1 0
github.com/bmf-san/gogocoin/v1/internal/app/market_data_adapter.go:23.55,39.3 2 0
github.com/bmf-san/gogocoin/v1/internal/app/market_data_adapter.go:41.2,41.70 1 0
github.com/bmf-san/gogocoin/v1/internal/app/market_data_adapter.go:45.53,47.2 1 0
github.com/bmf-san/gogocoin/v1/internal/app/market_spec_adapter.go:11.94,13.2 1 0
github.com/bmf-san/gogocoin/v1/internal/app/market_spec_adapter.go:16.88,18.2 1 0
github.com/bmf-san/gogocoin/v1/internal/app/market_spec_adapter.go:21.89,23.2 1 0
github.com/bmf-san/gogocoin/v1/internal/app/service_initializer.go:28.88,33.2 1 0
github.com/bmf-san/gogocoin/v1/internal/app/service_initializer.go:49.85,54.16 3 0
github.com/bmf-san/gogocoin/v1/internal/app/service_initializer.go:54.16,56.3 1 0
github.com/bmf-san/gogocoin/v1/internal/app/service_initializer.go:57.2,61.16 3 0
github.com/bmf-san/gogocoin/v1/internal/app/service_initializer.go:61.16,63.3 1 0
github.com/bmf-san/gogocoin/v1/internal/app/service_initializer.go:64.2,91.16 10 0
github.com/bmf-san/gogocoin/v1/internal/app/service_initializer.go:91.16,93.3 1 0
github.com/bmf-san/gogocoin/v1/internal/app/service_initializer.go:94.2,98.16 3 0
github.com/bmf-san/gogocoin/v1/internal/app/service_initializer.go:98.16,100.3 1 0
github.com/bmf-san/gogocoin/v1/internal/app/service_initializer.go:101.2,103.22 2 0
github.com/bmf-san/gogocoin/v1/internal/app/service_initializer.go:107.64,111.16 3 0
github.com/bmf-san/gogocoin/v1/internal/app/service_initializer.go:111.16,113.3 1 0
github.com/bmf-san/gogocoin/v1/internal/app/service_initializer.go:116.2,118.16 2 0
github.com/bmf-san/gogocoin/v1/internal/app/service_initializer.go:122.141,136.16 3 0
github.com/bmf-san/gogocoin/v1/internal/app/service_initializer.go:136.16,138.3 1 0
github.com/bmf-san/gogocoin/v1/internal/app/service_initializer.go:141.2,163.89 7 0
github.com/bmf-san/gogocoin/v1/internal/app/service_initializer.go:163.89,165.3 1 0
github.com/bmf-san/gogocoin/v1/internal/app/service_initializer.go:167.2,167.62 1 0
github.com/bmf-san/gogocoin/v1/internal/app/service_initializer.go:171.73,179.16 4 0
github.com/bmf-san/gogocoin/v1/internal/app/service_initializer.go:179.16,181.3 1 0
github.com/bmf-san/gogocoin/v1/internal/app/service_initializer.go:184.2,185.16 2 0
github.com/bmf-san/gogocoin/v1/internal/app/service_initializer.go:185.16,187.3 1 0
github.com/bmf-san/gogocoin/v1/internal/app/service_initializer.go:189.2,190.19 2 0
github.com/bmf-san/gogocoin/v1/internal/app/service_initializer.go:194.127,197.45 1 0
github.com/bmf-san/gogocoin/v1/internal/app/service_initializer.go:197.45,200.3 2 0
github.com/bmf-san/gogocoin/v1/internal/app/service_initializer.go:201.2,201.83 1 0
github.com/bmf-san/gogocoin/v1/internal/app/service_initializer.go:205.101,212.16 4 0
github.com/bmf-san/gogocoin/v1/internal/app/service_initializer.go:212.16,214.25 2 0
github.com/bmf-san/gogocoin/v1/internal/app/service_initializer.go:214.25,218.82 3 0
github.com/bmf-san/gogocoin/v1/internal/app/service_initializer.go:218.82,220.5 1 0
github.com/bmf-san/gogocoin/v1/internal/app/service_initializer.go:222.3,223.114 2 0
github.com/bmf-san/gogocoin/v1/internal/app/service_initializer.go:226.2,226.12 1 0
github.com/bmf-san/gogocoin/v1/internal/app/service_registry.go:34.44,36.2 1 1
github.com/bmf-san/gogocoin/v1/internal/app/service_registry.go:39.44,40.23 1 0
github.com/bmf-san/gogocoin/v1/internal/app/service_registry.go:40.23,42.3 1 0
github.com/bmf-san/gogocoin/v1/internal/app/service_registry.go:43.2,43.29 1 0
github.com/bmf-san/gogocoin/v1/internal/app/service_registry.go:43.29,45.3 1 0
github.com/bmf-san/gogocoin/v1/internal/app/service_registry.go:46.2,46.26 1 0
github.com/bmf-san/gogocoin/v1/internal/app/service_registry.go:46.26,48.3 1 0
github.com/bmf-san/gogocoin/v1/internal/app/service_registry.go:49.2,49.35 1 0
github.com/bmf-san/gogocoin/v1/internal/app/service_registry.go:49.35,51.3 1 0
github.com/bmf-san/gogocoin/v1/internal/app/service_registry.go:52.2,52.30 1 0
github.com/bmf-san/gogocoin/v1/internal/app/service_registry.go:52.30,54.3 1 0
github.com/bmf-san/gogocoin/v1/internal/app/service_registry.go:55.2,55.24 1 0
github.com/bmf-san/gogocoin/v1/internal/app/service_registry.go:55.24,57.3 1 0
github.com/bmf-san/gogocoin/v1/internal/app/service_registry.go:58.2,58.12 1 0
github.com/bmf-san/gogocoin/v1/internal/app/service_registry.go:62.62,64.2 1 1
github.com/bmf-san/gogocoin/v1/internal/app/service_registry.go:67.61,69.2 1 1
github.com/bmf-san/gogocoin/v1/internal/app/service_registry.go:72.91,74.2 1 1
github.com/bmf-san/gogocoin/v1/internal/app/service_registry.go:77.59,79.2 1 1
github.com/bmf-san/gogocoin/v1/internal/app/service_registry.go:82.50,84.2 1 1
github.com/bmf-san/gogocoin/v1/internal/app/service_registry.go:87.54,89.2 1 1
github.com/bmf-san/gogocoin/v1/internal/app/service_registry.go:92.68,94.2 1 0
github.com/bmf-san/gogocoin/v1/internal/app/service_registry.go:97.68,99.2 1 0
github.com/bmf-san/gogocoin/v1/internal/app/service_registry.go:102.62,104.2 1 0
github.com/bmf-san/gogocoin/v1/internal/app/worker_integration.go:11.82,34.2 2 0
github.com/bmf-san/gogocoin/v1/internal/app/worker_integration.go:38.73,41.16 2 0
github.com/bmf-san/gogocoin/v1/internal/app/worker_integration.go:41.16,43.3 1 0
github.com/bmf-san/gogocoin/v1/internal/app/worker_integration.go:46.2,46.41 1 0
github.com/bmf-san/gogocoin/v1/internal/app/worker_integration.go:46.41,48.3 1 0
github.com/bmf-san/gogocoin/v1/internal/app/worker_integration.go:51.2,54.21 2 0
github.com/bmf-san/gogocoin/v1/internal/app/worker_integration.go:59.98,60.15 1 0
github.com/bmf-san/gogocoin/v1/internal/app/worker_integration.go:60.15,62.3 1 0
github.com/bmf-san/gogocoin/v1/internal/app/worker_integration.go:63.2,63.25 1 0
github.com/bmf-san/gogocoin/v1/internal/database/cleanup.go:12.55,28.16 8 0
github.com/bmf-san/gogocoin/v1/internal/database/cleanup.go:28.16,30.3 1 0
github.com/bmf-san/gogocoin/v1/internal/database/cleanup.go:31.2,35.16 3 0
github.com/bmf-san/gogocoin/v1/internal/database/cleanup.go:35.16,38.3 2 0
github.com/bmf-san/gogocoin/v1/internal/database/cleanup.go:39.2,44.16 4 0
github.com/bmf-san/gogocoin/v1/internal/database/cleanup.go:44.16,47.3 2 0
github.com/bmf-san/gogocoin/v1/internal/database/cleanup.go:48.2,53.16 4 0
github.com/bmf-san/gogocoin/v1/internal/database/cleanup.go:53.16,56.3 2 0
github.com/bmf-san/gogocoin/v1/internal/database/cleanup.go:57.2,62.16 4 0
github.com/bmf-san/gogocoin/v1/internal/database/cleanup.go:62.16,65.3 2 0
github.com/bmf-san/gogocoin/v1/internal/database/cleanup.go:66.2,71.16 4 0
github.com/bmf-san/gogocoin/v1/internal/database/cleanup.go:71.16,74.3 2 0
github.com/bmf-san/gogocoin/v1/internal/database/cleanup.go:75.2,79.36 3 0
github.com/bmf-san/gogocoin/v1/internal/database/cleanup.go:79.36,81.3 1 0
github.com/bmf-san/gogocoin/v1/internal/database/cleanup.go:84.2,84.50 1 0
github.com/bmf-san/gogocoin/v1/internal/database/cleanup.go:84.50,86.3 1 0
github.com/bmf-san/gogocoin/v1/internal/database/cleanup.go:86.8,88.3 1 0
github.com/bmf-san/gogocoin/v1/internal/database/cleanup.go:90.2,97.12 3 0
github.com/bmf-san/gogocoin/v1/internal/database/cleanup.go:117.107,120.31 1 0
github.com/bmf-san/gogocoin/v1/internal/database/cleanup.go:120.31,122.3 1 0
github.com/bmf-san/gogocoin/v1/internal/database/cleanup.go:123.2,123.38 1 0
github.com/bmf-san/gogocoin/v1/internal/database/cleanup.go:123.38,125.3 1 0
github.com/bmf-san/gogocoin/v1/internal/database/cleanup.go:127.2,130.16 3 0
github.com/bmf-san/gogocoin/v1/internal/database/cleanup.go:130.16,132.3 1 0
github.com/bmf-san/gogocoin/v1/internal/database/cleanup.go:134.2,135.26 2 0
github.com/bmf-san/gogocoin/v1/internal/database/cleanup.go:139.121,141.31 1 0
github.com/bmf-san/gogocoin/v1/internal/database/cleanup.go:141.31,143.3 1 0
github.com/bmf-san/gogocoin/v1/internal/database/cleanup.go:144.2,144.38 1 0
github.com/bmf-san/gogocoin/v1/internal/database/cleanup.go:144.38,146.3 1 0
github.com/bmf-san/gogocoin/v1/internal/database/cleanup.go:148.2,151.16 3 0
github.com/bmf-san/gogocoin/v1/internal/database/cleanup.go:151.16,153.3 1 0
github.com/bmf-san/gogocoin/v1/internal/database/cleanup.go:155.2,156.26 2 0
github.com/bmf-san/gogocoin/v1/internal/database/cleanup.go:160.83,168.16 2 0
github.com/bmf-san/gogocoin/v1/internal/database/cleanup.go:168.16,170.3 1 0
github.com/bmf-san/gogocoin/v1/internal/database/cleanup.go:172.2,173.26 2 0
github.com/bmf-san/gogocoin/v1/internal/database/cleanup.go:177.97,184.16 2 0
github.com/bmf-san/gogocoin/v1/internal/database/cleanup.go:184.16,186.3 1 0
github.com/bmf-san/gogocoin/v1/internal/database/cleanup.go:188.2,189.26 2 0
github.com/bmf-san/gogocoin/v1/internal/database/cleanup.go:194.50,199.2 2 0
github.com/bmf-san/gogocoin/v1/internal/database/cleanup.go:202.48,206.16 3 0
github.com/bmf-san/gogocoin/v1/internal/database/cleanup.go:206.16,208.3 1 0
github.com/bmf-san/gogocoin/v1/internal/database/cleanup.go:210.2,211.16 2 0
github.com/bmf-san/gogocoin/v1/internal/database/cleanup.go:211.16,213.3 1 0
github.com/bmf-san/gogocoin/v1/internal/database/cleanup.go:215.2,215.34 1 0
github.com/bmf-san/gogocoin/v1/internal/database/cleanup.go:219.55,224.31 3 0
github.com/bmf-san/gogocoin/v1/internal/database/cleanup.go:224.31,226.62 1 0
github.com/bmf-san/gogocoin/v1/internal/database/cleanup.go:226.62,228.4 1 0
github.com/bmf-san/gogocoin/v1/internal/database/cleanup.go:230.3,233.17 4 0
github.com/bmf-san/gogocoin/v1/internal/database/cleanup.go:233.17,235.4 1 0
github.com/bmf-san/gogocoin/v1/internal/database/cleanup.go:236.3,236.23 1 0
github.com/bmf-san/gogocoin/v1/internal/database/cleanup.go:239.2,239.19 1 0
github.com/bmf-san/gogocoin/v1/internal/database/database.go:24.63,26.16 2 1
github.com/bmf-san/gogocoin/v1/internal/database/database.go:26.16,28.3 1 0
github.com/bmf-san/gogocoin/v1/internal/database/database.go:31.2,31.34 1 1
github.com/bmf-san/gogocoin/v1/internal/database/database.go:31.34,33.3 1 1
github.com/bmf-san/gogocoin/v1/internal/database/database.go:39.2,41.15 2 1
github.com/bmf-san/gogocoin/v1/internal/database/database.go:41.15,45.63 1 0
github.com/bmf-san/gogocoin/v1/internal/database/database.go:45.63,47.4 1 0
github.com/bmf-san/gogocoin/v1/internal/database/database.go:50.3,50.64 1 0
github.com/bmf-san/gogocoin/v1/internal/database/database.go:50.64,52.4 1 0
github.com/bmf-san/gogocoin/v1/internal/database/database.go:56.3,57.24 2 0
github.com/bmf-san/gogocoin/v1/internal/database/database.go:58.8,62.3 2 1
github.com/bmf-san/gogocoin/v1/internal/database/database.go:63.2,71.71 3 1
github.com/bmf-san/gogocoin/v1/internal/database/database.go:71.71,73.3 1 0
github.com/bmf-san/gogocoin/v1/internal/database/database.go:76.2,76.71 1 1
github.com/bmf-san/gogocoin/v1/internal/database/database.go:76.71,78.3 1 0
github.com/bmf-san/gogocoin/v1/internal/database/database.go:80.2,80.24 1 1
github.com/bmf-san/gogocoin/v1/internal/database/database.go:84.29,86.2 1 1
github.com/bmf-san/gogocoin/v1/internal/database/database.go:89.28,90.18 1 0
github.com/bmf-san/gogocoin/v1/internal/database/database.go:90.18,92.3 1 0
github.com/bmf-san/gogocoin/v1/internal/database/database.go:93.2,93.21 1 0
github.com/bmf-san/gogocoin/v1/internal/database/database.go:103.53,105.16 2 0
github.com/bmf-san/gogocoin/v1/internal/database/database.go:105.16,107.3 1 0
github.com/bmf-san/gogocoin/v1/internal/database/database.go:108.2,111.8 1 0
github.com/bmf-san/gogocoin/v1/internal/database/database.go:115.32,117.2 1 0
github.com/bmf-san/gogocoin/v1/internal/database/database.go:120.34,122.2 1 0
github.com/bmf-san/gogocoin/v1/internal/database/database.go:125.54,127.31 2 0
github.com/bmf-san/gogocoin/v1/internal/database/database.go:127.31,129.3 1 0
github.com/bmf-san/gogocoin/v1/internal/database/database.go:130.2,130.30 1 0
github.com/bmf-san/gogocoin/v1/internal/database/database.go:130.30,132.3 1 0
github.com/bmf-san/gogocoin/v1/internal/database/database.go:134.2,150.12 3 0
github.com/bmf-san/gogocoin/v1/internal/database/database.go:154.63,156.33 2 0
github.com/bmf-san/gogocoin/v1/internal/database/database.go:156.33,158.3 1 0
github.com/bmf-san/gogocoin/v1/internal/database/database.go:159.2,170.12 4 0
github.com/bmf-san/gogocoin/v1/internal/database/database.go:174.65,184.2 4 0
github.com/bmf-san/gogocoin/v1/internal/database/database.go:190.57,197.2 3 1
github.com/bmf-san/gogocoin/v1/internal/database/database.go:200.61,208.16 3 1
github.com/bmf-san/gogocoin/v1/internal/database/database.go:208.16,210.3 1 0
github.com/bmf-san/gogocoin/v1/internal/database/database.go:211.2,211.15 1 1
github.com/bmf-san/gogocoin/v1/internal/database/database.go:211.15,212.38 1 1
github.com/bmf-san/gogocoin/v1/internal/database/database.go:212.38,214.4 1 0
github.com/bmf-san/gogocoin/v1/internal/database/database.go:218.2,219.18 2 1
github.com/bmf-san/gogocoin/v1/internal/database/database.go:219.18,221.94 2 1
github.com/bmf-san/gogocoin/v1/internal/database/database.go:221.94,223.4 1 0
github.com/bmf-san/gogocoin/v1/internal/database/database.go:224.3,224.33 1 1
github.com/bmf-san/gogocoin/v1/internal/database/database.go:227.2,227.29 1 1
github.com/bmf-san/gogocoin/v1/internal/database/database.go:231.52,234.31 2 1
github.com/bmf-san/gogocoin/v1/internal/database/database.go:234.31,236.3 1 0
github.com/bmf-san/gogocoin/v1/internal/database/database.go:237.2,237.30 1 1
github.com/bmf-san/gogocoin/v1/internal/database/database.go:237.30,239.3 1 0
github.com/bmf-san/gogocoin/v1/internal/database/database.go:242.2,258.12 3 1
github.com/bmf-san/gogocoin/v1/internal/database/database.go:262.60,269.16 3 1
github.com/bmf-san/gogocoin/v1/internal/database/database.go:269.16,271.3 1 0
github.com/bmf-san/gogocoin/v1/internal/database/database.go:272.2,272.15 1 1
github.com/bmf-san/gogocoin/v1/internal/database/database.go:272.15,273.38 1 1
github.com/bmf-san/gogocoin/v1/internal/database/database.go:273.38,275.4 1 0
github.com/bmf-san/gogocoin/v1/internal/database/database.go:279.2,280.18 2 1
github.com/bmf-san/gogocoin/v1/internal/database/database.go:280.18,284.24 2 1
github.com/bmf-san/gogocoin/v1/internal/database/database.go:284.24,286.4 1 0
github.com/bmf-san/gogocoin/v1/internal/database/database.go:287.3,287.29 1 1
github.com/bmf-san/gogocoin/v1/internal/database/database.go:290.2,290.27 1 1
github.com/bmf-san/gogocoin/v1/internal/database/database.go:294.61,301.33 3 1
github.com/bmf-san/gogocoin/v1/internal/database/database.go:301.33,303.3 1 0
github.com/bmf-san/gogocoin/v1/internal/database/database.go:304.2,311.12 3 1
github.com/bmf-san/gogocoin/v1/internal/database/database.go:315.57,322.16 3 0
github.com/bmf-san/gogocoin/v1/internal/database/database.go:322.16,324.3 1 0
github.com/bmf-san/gogocoin/v1/internal/database/database.go:325.2,325.15 1 0
github.com/bmf-san/gogocoin/v1/internal/database/database.go:325.15,326.38 1 0
github.com/bmf-san/gogocoin/v1/internal/database/database.go:326.38,328.4 1 0
github.com/bmf-san/gogocoin/v1/internal/database/database.go:332.2,333.18 2 0
github.com/bmf-san/gogocoin/v1/internal/database/database.go:333.18,337.67 2 0
github.com/bmf-san/gogocoin/v1/internal/database/database.go:337.67,339.4 1 0
github.com/bmf-san/gogocoin/v1/internal/database/database.go:340.3,340.35 1 0
github.com/bmf-san/gogocoin/v1/internal/database/database.go:343.2,343.30 1 0
github.com/bmf-san/gogocoin/v1/internal/database/database.go:347.63,354.16 3 1
github.com/bmf-san/gogocoin/v1/internal/database/database.go:354.16,356.3 1 0
github.com/bmf-san/gogocoin/v1/internal/database/database.go:357.2,357.15 1 1
github.com/bmf-san/gogocoin/v1/internal/database/database.go:357.15,358.38 1 1
github.com/bmf-san/gogocoin/v1/internal/database/database.go:358.38,360.4 1 0
github.com/bmf-san/gogocoin/v1/internal/database/database.go:364.2,365.18 2 1
github.com/bmf-san/gogocoin/v1/internal/database/database.go:365.18,369.67 2 1
github.com/bmf-san/gogocoin/v1/internal/database/database.go:369.67,371.4 1 0
[...]
github.com/bmf-san/gogocoin/v1/internal/strategy/strategy.go:186.40,189.2 0 0
github.com/bmf-san/gogocoin/v1/internal/strategy/strategy.go:192.63,195.2 0 0
github.com/bmf-san/gogocoin/v1/internal/strategy/strategy.go:198.64,202.2 3 0
github.com/bmf-san/gogocoin/v1/internal/strategy/strategy.go:205.67,209.11 3 0
github.com/bmf-san/gogocoin/v1/internal/strategy/strategy.go:209.11,211.36 2 0
github.com/bmf-san/gogocoin/v1/internal/strategy/strategy.go:211.36,213.4 1 0
github.com/bmf-san/gogocoin/v1/internal/strategy/strategy.go:214.8,216.34 2 0
github.com/bmf-san/gogocoin/v1/internal/strategy/strategy.go:216.34,218.4 1 0
github.com/bmf-san/gogocoin/v1/internal/strategy/strategy.go:222.2,222.32 1 0
github.com/bmf-san/gogocoin/v1/internal/strategy/strategy.go:222.32,224.3 1 0
github.com/bmf-san/gogocoin/v1/internal/strategy/strategy.go:227.2,227.32 1 0
github.com/bmf-san/gogocoin/v1/internal/strategy/strategy.go:227.32,229.3 1 0
github.com/bmf-san/gogocoin/v1/internal/strategy/strategy.go:232.2,232.29 1 0
github.com/bmf-san/gogocoin/v1/internal/strategy/strategy.go:232.29,234.3 1 0
github.com/bmf-san/gogocoin/v1/internal/strategy/strategy.go:238.104,239.52 1 0
github.com/bmf-san/gogocoin/v1/internal/strategy/strategy.go:239.52,241.3 1 0
github.com/bmf-san/gogocoin/v1/internal/strategy/strategy.go:244.2,247.17 3 0
github.com/bmf-san/gogocoin/v1/internal/strategy/strategy.go:251.62,252.19 1 0
github.com/bmf-san/gogocoin/v1/internal/strategy/strategy.go:252.19,254.3 1 0
github.com/bmf-san/gogocoin/v1/internal/strategy/strategy.go:256.2,256.25 1 0
github.com/bmf-san/gogocoin/v1/internal/strategy/strategy.go:256.25,258.3 1 0
github.com/bmf-san/gogocoin/v1/internal/strategy/strategy.go:260.2,260.94 1 0
github.com/bmf-san/gogocoin/v1/internal/strategy/strategy.go:260.94,262.3 1 0
github.com/bmf-san/gogocoin/v1/internal/strategy/strategy.go:264.2,264.48 1 0
github.com/bmf-san/gogocoin/v1/internal/strategy/strategy.go:264.48,266.3 1 0
github.com/bmf-san/gogocoin/v1/internal/strategy/strategy.go:268.2,268.23 1 0
github.com/bmf-san/gogocoin/v1/internal/strategy/strategy.go:268.23,270.3 1 0
github.com/bmf-san/gogocoin/v1/internal/strategy/strategy.go:272.2,272.25 1 0
github.com/bmf-san/gogocoin/v1/internal/strategy/strategy.go:272.25,274.3 1 0
github.com/bmf-san/gogocoin/v1/internal/strategy/strategy.go:276.2,276.12 1 0
github.com/bmf-san/gogocoin/v1/internal/strategy/strategy.go:280.150,290.2 1 1
github.com/bmf-san/gogocoin/v1/internal/strategy/strategy.go:296.44,298.2 1 1
github.com/bmf-san/gogocoin/v1/internal/strategy/strategy.go:301.94,302.14 1 1
github.com/bmf-san/gogocoin/v1/internal/strategy/strategy.go:303.18,304.35 1 1
github.com/bmf-san/gogocoin/v1/internal/strategy/strategy.go:305.10,306.59 1 1
github.com/bmf-san/gogocoin/v1/internal/strategy/strategy.go:311.81,326.19 2 1
github.com/bmf-san/gogocoin/v1/internal/strategy/strategy.go:326.19,327.58 1 1
github.com/bmf-san/gogocoin/v1/internal/strategy/strategy.go:327.58,328.32 1 1
github.com/bmf-san/gogocoin/v1/internal/strategy/strategy.go:328.32,330.5 1 1
github.com/bmf-san/gogocoin/v1/internal/strategy/strategy.go:331.4,331.32 1 1
github.com/bmf-san/gogocoin/v1/internal/strategy/strategy.go:331.32,333.5 1 1
github.com/bmf-san/gogocoin/v1/internal/strategy/strategy.go:334.4,334.32 1 1
github.com/bmf-san/gogocoin/v1/internal/strategy/strategy.go:334.32,336.5 1 1
github.com/bmf-san/gogocoin/v1/internal/strategy/strategy.go:337.4,337.30 1 1
github.com/bmf-san/gogocoin/v1/internal/strategy/strategy.go:337.30,339.5 1 1
github.com/bmf-san/gogocoin/v1/internal/strategy/strategy.go:340.4,340.30 1 1
github.com/bmf-san/gogocoin/v1/internal/strategy/strategy.go:340.30,342.5 1 1
github.com/bmf-san/gogocoin/v1/internal/strategy/strategy.go:343.4,343.33 1 1
github.com/bmf-san/gogocoin/v1/internal/strategy/strategy.go:343.33,345.5 1 1
github.com/bmf-san/gogocoin/v1/internal/strategy/strategy.go:346.4,346.30 1 1
github.com/bmf-san/gogocoin/v1/internal/strategy/strategy.go:346.30,348.5 1 1
github.com/bmf-san/gogocoin/v1/internal/strategy/strategy.go:349.4,349.26 1 1
github.com/bmf-san/gogocoin/v1/internal/strategy/strategy.go:349.26,351.5 1 1
github.com/bmf-san/gogocoin/v1/internal/strategy/strategy.go:357.2,360.41 2 1
github.com/bmf-san/gogocoin/v1/internal/strategy/strategy.go:360.41,362.3 1 0
github.com/bmf-san/gogocoin/v1/internal/strategy/strategy.go:364.2,364.22 1 1
github.com/bmf-san/gogocoin/v1/internal/strategy/strategy.go:368.62,370.2 1 1
github.com/bmf-san/gogocoin/v1/internal/worker/maintenance.go:20.121,27.2 1 1
github.com/bmf-san/gogocoin/v1/internal/worker/maintenance.go:30.54,40.9 5 1
github.com/bmf-san/gogocoin/v1/internal/worker/maintenance.go:41.24,44.94 2 0
github.com/bmf-san/gogocoin/v1/internal/worker/maintenance.go:44.94,47.4 2 0
github.com/bmf-san/gogocoin/v1/internal/worker/maintenance.go:47.9,49.4 1 0
github.com/bmf-san/gogocoin/v1/internal/worker/maintenance.go:50.20,51.9 1 1
github.com/bmf-san/gogocoin/v1/internal/worker/maintenance.go:55.2,58.6 3 0
github.com/bmf-san/gogocoin/v1/internal/worker/maintenance.go:58.6,59.10 1 0
github.com/bmf-san/gogocoin/v1/internal/worker/maintenance.go:60.21,62.10 2 0
github.com/bmf-san/gogocoin/v1/internal/worker/maintenance.go:64.19,69.78 3 0
github.com/bmf-san/gogocoin/v1/internal/worker/maintenance.go:69.78,72.5 2 0
github.com/bmf-san/gogocoin/v1/internal/worker/maintenance.go:78.47,83.16 3 0
github.com/bmf-san/gogocoin/v1/internal/worker/maintenance.go:83.16,85.3 1 0
github.com/bmf-san/gogocoin/v1/internal/worker/maintenance.go:88.2,88.61 1 0
github.com/bmf-san/gogocoin/v1/internal/worker/maintenance.go:88.61,91.3 2 0
github.com/bmf-san/gogocoin/v1/internal/worker/maintenance.go:94.2,95.16 2 0
github.com/bmf-san/gogocoin/v1/internal/worker/maintenance.go:95.16,97.3 1 0
github.com/bmf-san/gogocoin/v1/internal/worker/maintenance.go:98.2,108.16 5 0
github.com/bmf-san/gogocoin/v1/internal/worker/maintenance.go:108.16,110.3 1 0
github.com/bmf-san/gogocoin/v1/internal/worker/maintenance.go:110.8,112.3 1 0
github.com/bmf-san/gogocoin/v1/internal/worker/manager.go:26.69,33.2 1 1
github.com/bmf-san/gogocoin/v1/internal/worker/manager.go:36.68,40.42 3 1
github.com/bmf-san/gogocoin/v1/internal/worker/manager.go:40.42,42.3 1 1
github.com/bmf-san/gogocoin/v1/internal/worker/manager.go:44.2,46.12 3 1
github.com/bmf-san/gogocoin/v1/internal/worker/manager.go:50.61,54.38 3 1
github.com/bmf-san/gogocoin/v1/internal/worker/manager.go:54.38,55.22 1 1
github.com/bmf-san/gogocoin/v1/internal/worker/manager.go:55.22,56.12 1 0
github.com/bmf-san/gogocoin/v1/internal/worker/manager.go:59.3,62.31 3 1
github.com/bmf-san/gogocoin/v1/internal/worker/manager.go:62.31,64.17 2 1
github.com/bmf-san/gogocoin/v1/internal/worker/manager.go:64.17,65.33 1 1
github.com/bmf-san/gogocoin/v1/internal/worker/manager.go:65.33,71.6 5 0
github.com/bmf-san/gogocoin/v1/internal/worker/manager.go:74.4,75.37 2 1
github.com/bmf-san/gogocoin/v1/internal/worker/manager.go:75.37,81.5 5 1
github.com/bmf-san/gogocoin/v1/internal/worker/manager.go:81.10,86.5 4 1
github.com/bmf-san/gogocoin/v1/internal/worker/manager.go:90.2,90.12 1 1
github.com/bmf-san/gogocoin/v1/internal/worker/manager.go:94.41,98.38 2 1
github.com/bmf-san/gogocoin/v1/internal/worker/manager.go:98.38,99.23 1 1
github.com/bmf-san/gogocoin/v1/internal/worker/manager.go:99.23,100.12 1 0
github.com/bmf-san/gogocoin/v1/internal/worker/manager.go:103.3,103.46 1 1
github.com/bmf-san/gogocoin/v1/internal/worker/manager.go:103.46,104.43 1 0
github.com/bmf-san/gogocoin/v1/internal/worker/manager.go:104.43,106.5 1 0
github.com/bmf-san/gogocoin/v1/internal/worker/manager.go:109.2,113.12 3 1
github.com/bmf-san/gogocoin/v1/internal/worker/manager.go:113.12,116.3 2 1
github.com/bmf-san/gogocoin/v1/internal/worker/manager.go:118.2,118.9 1 1
github.com/bmf-san/gogocoin/v1/internal/worker/manager.go:119.14,121.13 2 1
github.com/bmf-san/gogocoin/v1/internal/worker/manager.go:122.38,123.59 1 0
github.com/bmf-san/gogocoin/v1/internal/worker/manager.go:128.63,134.38 4 1
github.com/bmf-san/gogocoin/v1/internal/worker/manager.go:134.38,135.48 1 1
github.com/bmf-san/gogocoin/v1/internal/worker/manager.go:135.48,137.4 1 0
github.com/bmf-san/gogocoin/v1/internal/worker/manager.go:137.9,144.4 1 1
github.com/bmf-san/gogocoin/v1/internal/worker/manager.go:147.2,147.15 1 1
github.com/bmf-san/gogocoin/v1/internal/worker/manager.go:151.53,156.30 4 1
github.com/bmf-san/gogocoin/v1/internal/worker/manager.go:156.30,158.3 1 1
github.com/bmf-san/gogocoin/v1/internal/worker/manager.go:159.2,159.15 1 1
github.com/bmf-san/gogocoin/v1/internal/worker/manager.go:163.54,168.34 4 1
github.com/bmf-san/gogocoin/v1/internal/worker/manager.go:168.34,169.17 1 1
github.com/bmf-san/gogocoin/v1/internal/worker/manager.go:169.17,171.4 1 1
github.com/bmf-san/gogocoin/v1/internal/worker/manager.go:173.2,173.15 1 1
github.com/bmf-san/gogocoin/v1/internal/worker/manager.go:176.62,177.16 1 1
github.com/bmf-san/gogocoin/v1/internal/worker/manager.go:177.16,179.3 1 0
github.com/bmf-san/gogocoin/v1/internal/worker/manager.go:180.2,180.13 1 1
github.com/bmf-san/gogocoin/v1/internal/worker/manager.go:180.13,182.3 1 1
github.com/bmf-san/gogocoin/v1/internal/worker/manager.go:183.2,183.18 1 0
github.com/bmf-san/gogocoin/v1/internal/worker/market_data.go:46.21,56.2 1 1
github.com/bmf-san/gogocoin/v1/internal/worker/market_data.go:59.53,65.6 3 1
github.com/bmf-san/gogocoin/v1/internal/worker/market_data.go:65.6,66.10 1 1
github.com/bmf-san/gogocoin/v1/internal/worker/market_data.go:67.21,69.10 2 0
github.com/bmf-san/gogocoin/v1/internal/worker/market_data.go:70.11,70.11 0 1
github.com/bmf-san/gogocoin/v1/internal/worker/market_data.go:74.3,74.37 1 1
github.com/bmf-san/gogocoin/v1/internal/worker/market_data.go:74.37,78.60 2 1
github.com/bmf-san/gogocoin/v1/internal/worker/market_data.go:78.60,81.38 3 1
github.com/bmf-san/gogocoin/v1/internal/worker/market_data.go:81.38,83.6 1 0
github.com/bmf-san/gogocoin/v1/internal/worker/market_data.go:85.5,92.12 3 1
github.com/bmf-san/gogocoin/v1/internal/worker/market_data.go:93.20,94.14 1 1
github.com/bmf-san/gogocoin/v1/internal/worker/market_data.go:95.23,97.12 2 1
github.com/bmf-san/gogocoin/v1/internal/worker/market_data.go:99.10,102.5 2 1
github.com/bmf-san/gogocoin/v1/internal/worker/market_data.go:103.9,106.4 2 1
github.com/bmf-san/gogocoin/v1/internal/worker/market_data.go:109.3,111.36 3 1
github.com/bmf-san/gogocoin/v1/internal/worker/market_data.go:111.36,114.87 2 1
github.com/bmf-san/gogocoin/v1/internal/worker/market_data.go:114.87,117.12 2 1
github.com/bmf-san/gogocoin/v1/internal/worker/market_data.go:118.33,119.103 1 1
github.com/bmf-san/gogocoin/v1/internal/worker/market_data.go:120.23,121.12 1 0
github.com/bmf-san/gogocoin/v1/internal/worker/market_data.go:122.13,124.109 1 0
github.com/bmf-san/gogocoin/v1/internal/worker/market_data.go:128.4,128.18 1 1
github.com/bmf-san/gogocoin/v1/internal/worker/market_data.go:128.18,130.5 1 0
github.com/bmf-san/gogocoin/v1/internal/worker/market_data.go:130.10,133.5 2 1
github.com/bmf-san/gogocoin/v1/internal/worker/market_data.go:136.3,136.27 1 1
github.com/bmf-san/gogocoin/v1/internal/worker/market_data.go:136.27,140.11 3 0
github.com/bmf-san/gogocoin/v1/internal/worker/market_data.go:141.19,142.13 1 0
github.com/bmf-san/gogocoin/v1/internal/worker/market_data.go:143.22,145.11 2 0
github.com/bmf-san/gogocoin/v1/internal/worker/market_data.go:147.9,149.4 1 1
github.com/bmf-san/gogocoin/v1/internal/worker/market_data.go:152.3,155.7 2 1
github.com/bmf-san/gogocoin/v1/internal/worker/market_data.go:155.7,156.11 1 1
github.com/bmf-san/gogocoin/v1/internal/worker/market_data.go:157.20,158.39 1 1
github.com/bmf-san/gogocoin/v1/internal/worker/market_data.go:158.39,161.23 3 0
github.com/bmf-san/gogocoin/v1/internal/worker/market_data.go:163.22,166.11 3 1
github.com/bmf-san/gogocoin/v1/internal/worker/signal_worker.go:60.17,70.2 1 0
github.com/bmf-san/gogocoin/v1/internal/worker/signal_worker.go:73.49,76.15 2 0
github.com/bmf-san/gogocoin/v1/internal/worker/signal_worker.go:76.15,80.3 2 0
github.com/bmf-san/gogocoin/v1/internal/worker/signal_worker.go:82.2,82.6 1 0
github.com/bmf-san/gogocoin/v1/internal/worker/signal_worker.go:82.6,83.10 1 0
github.com/bmf-san/gogocoin/v1/internal/worker/signal_worker.go:84.21,86.10 2 0
github.com/bmf-san/gogocoin/v1/internal/worker/signal_worker.go:88.31,89.32 1 0
github.com/bmf-san/gogocoin/v1/internal/worker/signal_worker.go:95.84,96.42 1 0
github.com/bmf-san/gogocoin/v1/internal/worker/signal_worker.go:96.42,98.3 1 0
github.com/bmf-san/gogocoin/v1/internal/worker/signal_worker.go:100.2,103.48 2 0
github.com/bmf-san/gogocoin/v1/internal/worker/signal_worker.go:103.48,107.3 3 0
github.com/bmf-san/gogocoin/v1/internal/worker/signal_worker.go:110.2,110.71 1 0
github.com/bmf-san/gogocoin/v1/internal/worker/signal_worker.go:110.71,113.3 2 0
github.com/bmf-san/gogocoin/v1/internal/worker/signal_worker.go:116.2,119.21 2 0
github.com/bmf-san/gogocoin/v1/internal/worker/signal_worker.go:119.21,123.3 2 0
github.com/bmf-san/gogocoin/v1/internal/worker/signal_worker.go:125.2,129.16 3 0
github.com/bmf-san/gogocoin/v1/internal/worker/signal_worker.go:129.16,133.3 3 0
github.com/bmf-san/gogocoin/v1/internal/worker/signal_worker.go:135.2,155.12 4 0
github.com/bmf-san/gogocoin/v1/internal/worker/signal_worker.go:155.12,157.65 2 0
github.com/bmf-san/gogocoin/v1/internal/worker/signal_worker.go:157.65,159.4 1 0
github.com/bmf-san/gogocoin/v1/internal/worker/signal_worker.go:165.112,169.23 3 0
github.com/bmf-san/gogocoin/v1/internal/worker/signal_worker.go:170.26,172.25 2 0
github.com/bmf-san/gogocoin/v1/internal/worker/signal_worker.go:173.27,178.16 3 0
github.com/bmf-san/gogocoin/v1/internal/worker/signal_worker.go:178.16,181.4 1 0
github.com/bmf-san/gogocoin/v1/internal/worker/signal_worker.go:182.10,185.31 2 0
github.com/bmf-san/gogocoin/v1/internal/worker/signal_worker.go:188.2,195.3 1 0
github.com/bmf-san/gogocoin/v1/internal/worker/signal_worker.go:199.112,203.37 2 0
github.com/bmf-san/gogocoin/v1/internal/worker/signal_worker.go:203.37,204.29 1 0
github.com/bmf-san/gogocoin/v1/internal/worker/signal_worker.go:204.29,205.24 1 0
github.com/bmf-san/gogocoin/v1/internal/worker/signal_worker.go:205.24,207.10 2 0
github.com/bmf-san/gogocoin/v1/internal/worker/signal_worker.go:213.2,217.16 4 0
github.com/bmf-san/gogocoin/v1/internal/worker/signal_worker.go:217.16,220.3 2 0
github.com/bmf-san/gogocoin/v1/internal/worker/signal_worker.go:223.2,224.26 2 0
github.com/bmf-san/gogocoin/v1/internal/worker/signal_worker.go:224.26,225.39 1 0
github.com/bmf-san/gogocoin/v1/internal/worker/signal_worker.go:225.39,227.9 2 0
github.com/bmf-san/gogocoin/v1/internal/worker/signal_worker.go:232.2,232.27 1 0
github.com/bmf-san/gogocoin/v1/internal/worker/signal_worker.go:232.27,236.3 2 0
github.com/bmf-san/gogocoin/v1/internal/worker/signal_worker.go:239.2,239.59 1 0
github.com/bmf-san/gogocoin/v1/internal/worker/signal_worker.go:239.59,241.3 1 0
github.com/bmf-san/gogocoin/v1/internal/worker/signal_worker.go:244.2,244.46 1 0
github.com/bmf-san/gogocoin/v1/internal/worker/strategy_monitor.go:24.108,30.2 1 1
github.com/bmf-san/gogocoin/v1/internal/worker/strategy_monitor.go:33.58,39.6 4 1
github.com/bmf-san/gogocoin/v1/internal/worker/strategy_monitor.go:39.6,40.10 1 1
github.com/bmf-san/gogocoin/v1/internal/worker/strategy_monitor.go:41.21,43.10 2 1
github.com/bmf-san/gogocoin/v1/internal/worker/strategy_monitor.go:44.19,45.29 1 0
github.com/bmf-san/gogocoin/v1/internal/worker/strategy_monitor.go:52.57,53.29 1 0
github.com/bmf-san/gogocoin/v1/internal/worker/strategy_monitor.go:53.29,55.3 1 0
github.com/bmf-san/gogocoin/v1/internal/worker/strategy_monitor.go:57.2,58.28 2 0
github.com/bmf-san/gogocoin/v1/internal/worker/strategy_monitor.go:58.28,60.3 1 0
github.com/bmf-san/gogocoin/v1/internal/worker/strategy_worker.go:59.19,70.2 1 0
github.com/bmf-san/gogocoin/v1/internal/worker/strategy_worker.go:73.51,78.15 3 0
github.com/bmf-san/gogocoin/v1/internal/worker/strategy_worker.go:78.15,82.3 2 0
github.com/bmf-san/gogocoin/v1/internal/worker/strategy_worker.go:85.2,90.12 4 0
github.com/bmf-san/gogocoin/v1/internal/worker/strategy_worker.go:90.12,92.7 2 0
github.com/bmf-san/gogocoin/v1/internal/worker/strategy_worker.go:92.7,93.11 1 0
github.com/bmf-san/gogocoin/v1/internal/worker/strategy_worker.go:94.22,95.11 1 0
github.com/bmf-san/gogocoin/v1/internal/worker/strategy_worker.go:96.27,97.31 1 0
github.com/bmf-san/gogocoin/v1/internal/worker/strategy_worker.go:102.2,102.6 1 0
github.com/bmf-san/gogocoin/v1/internal/worker/strategy_worker.go:102.6,103.10 1 0
github.com/bmf-san/gogocoin/v1/internal/worker/strategy_worker.go:104.21,106.10 2 0
github.com/bmf-san/gogocoin/v1/internal/worker/strategy_worker.go:108.43,109.11 1 0
github.com/bmf-san/gogocoin/v1/internal/worker/strategy_worker.go:109.11,112.5 2 0
github.com/bmf-san/gogocoin/v1/internal/worker/strategy_worker.go:115.4,115.11 1 0
github.com/bmf-san/gogocoin/v1/internal/worker/strategy_worker.go:116.22,117.11 1 0
github.com/bmf-san/gogocoin/v1/internal/worker/strategy_worker.go:118.12,118.12 0 0
github.com/bmf-san/gogocoin/v1/internal/worker/strategy_worker.go:123.4,127.11 2 0
github.com/bmf-san/gogocoin/v1/internal/worker/strategy_worker.go:128.40,128.40 0 0
github.com/bmf-san/gogocoin/v1/internal/worker/strategy_worker.go:130.22,132.11 1 0
github.com/bmf-san/gogocoin/v1/internal/worker/strategy_worker.go:135.4,136.36 2 0
github.com/bmf-san/gogocoin/v1/internal/worker/strategy_worker.go:136.36,138.18 2 0
github.com/bmf-san/gogocoin/v1/internal/worker/strategy_worker.go:138.18,141.6 1 0
github.com/bmf-san/gogocoin/v1/internal/worker/strategy_worker.go:142.5,142.18 1 0
github.com/bmf-san/gogocoin/v1/internal/worker/strategy_worker.go:142.18,143.34 1 0
github.com/bmf-san/gogocoin/v1/internal/worker/strategy_worker.go:143.34,145.7 1 0
github.com/bmf-san/gogocoin/v1/internal/worker/strategy_worker.go:149.5,149.12 1 0
github.com/bmf-san/gogocoin/v1/internal/worker/strategy_worker.go:150.23,151.12 1 0
github.com/bmf-san/gogocoin/v1/internal/worker/strategy_worker.go:152.13,152.13 0 0
github.com/bmf-san/gogocoin/v1/internal/worker/strategy_worker.go:155.5,176.40 6 0
github.com/bmf-san/gogocoin/v1/internal/worker/strategy_worker.go:176.40,178.6 1 0
github.com/bmf-san/gogocoin/v1/internal/worker/strategy_worker.go:181.5,192.47 7 0
github.com/bmf-san/gogocoin/v1/internal/worker/strategy_worker.go:199.75,201.45 1 0
github.com/bmf-san/gogocoin/v1/internal/worker/strategy_worker.go:201.45,203.3 1 0
github.com/bmf-san/gogocoin/v1/internal/worker/strategy_worker.go:206.2,213.32 3 0
github.com/bmf-san/gogocoin/v1/internal/worker/strategy_worker.go:217.51,223.54 4 0
github.com/bmf-san/gogocoin/v1/internal/worker/strategy_worker.go:223.54,232.49 6 0
github.com/bmf-san/gogocoin/v1/internal/worker/strategy_worker.go:232.49,235.4 2 0
github.com/bmf-san/gogocoin/v1/internal/worker/strategy_worker.go:235.9,237.4 1 0
github.com/bmf-san/gogocoin/v1/internal/worker/strategy_worker.go:239.3,239.14 1 0
github.com/bmf-san/gogocoin/v1/internal/worker/strategy_worker.go:242.2,242.22 1 0
github.com/bmf-san/gogocoin/v1/internal/worker/strategy_worker.go:242.22,247.3 1 0
github.com/bmf-san/gogocoin/v1/internal/worker/strategy_worker.go:251.125,255.16 2 0
github.com/bmf-san/gogocoin/v1/internal/worker/strategy_worker.go:255.16,258.3 2 0
github.com/bmf-san/gogocoin/v1/internal/worker/strategy_worker.go:261.2,266.42 2 0
github.com/bmf-san/gogocoin/v1/internal/worker/strategy_worker.go:266.42,268.3 1 0
github.com/bmf-san/gogocoin/v1/internal/worker/strategy_worker.go:272.2,274.42 2 0
github.com/bmf-san/gogocoin/v1/internal/worker/strategy_worker.go:274.42,285.10 2 0
github.com/bmf-san/gogocoin/v1/internal/worker/strategy_worker.go:286.29,286.29 0 0
github.com/bmf-san/gogocoin/v1/internal/worker/strategy_worker.go:287.21,288.10 1 0
github.com/bmf-san/gogocoin/v1/internal/worker/strategy_worker.go:289.11,296.52 2 0
